{"meta": {"format": 3, "version": "7.12.0", "timestamp": "2025-11-21T10:03:22.364068", "branch_coverage": false, "show_contexts": false}, "files": {"app/__init__.py": {"executed_lines": [0], "summary": {"covered_lines": 0, "num_statements": 0, "percent_covered": 100.0, "percent_covered_display": "100", "missing_lines": 0, "excluded_lines": 0, "percent_statements_covered": 100.0, "percent_statements_covered_display": "100"}, "missing_lines": [], "excluded_lines": [], "functions": {"": {"executed_lines": [], "summary": {"covered_lines": 0, "num_statements": 0, "percent_covered": 100.0, "percent_covered_display": "100", "missing_lines": 0, "excluded_lines": 0, "percent_statements_covered": 100.0, "percent_statements_covered_display": "100"}, "missing_lines": [], "excluded_lines": []}}, "classes": {"": {"executed_lines": [], "summary": {"covered_lines": 0, "num_statements": 0, "percent_covered": 100.0, "percent_covered_display": "100", "missing_lines": 0, "excluded_lines": 0, "percent_statements_covered": 100.0, "percent_statements_covered_display": "100"}, "missing_lines": [], "excluded_lines": []}}}, "app/api/__init__.py": {"executed_lines": [0], "summary": {"covered_lines": 0, "num_statements": 0, "percent_covered": 100.0, "percent_covered_display": "100", "missing_lines": 0, "excluded_lines": 0, "percent_statements_covered": 100.0, "percent_statements_covered_display": "100"}, "missing_lines": [], "excluded_lines": [], "functions": {"": {"executed_lines": [], "summary": {"covered_lines": 0, "num_statements": 0, "percent_covered": 100.0, "percent_covered_display": "100", "missing_lines": 0, "excluded_lines": 0, "percent_statements_covered": 100.0, "percent_statements_covered_display": "100"}, "missing_lines": [], "excluded_lines": []}}, "classes": {"": {"executed_lines": [], "summary": {"covered_lines": 0, "num_statements": 0, "percent_covered": 100.0, "percent_covered_display": "100", "missing_lines": 0, "excluded_lines": 0, "percent_statements_covered": 100.0, "percent_statements_covered_display": "100"}, "missing_lines": [], "excluded_lines": []}}}, "app/api/dependencies.py": {"executed_lines": [1, 5, 6, 7, 9, 10, 11, 12, 13, 14, 16, 19, 36, 37, 39, 46, 47, 54, 55, 62, 65, 74, 75, 78, 80, 85, 86, 91], "summary": {"covered_lines": 27, "num_statements": 30, "percent_covered": 90.0, "percent_covered_display": "90", "missing_lines": 3, "excluded_lines": 0, "percent_statements_covered": 90.0, "percent_statements_covered_display": "90"}, "missing_lines": [40, 48, 56], "excluded_lines": [], "functions": {"get_current_user": {"executed_lines": [36, 37, 39, 46, 47, 54, 55, 62], "summary": {"covered_lines": 8, "num_statements": 11, "percent_covered": 72.72727272727273, "percent_covered_display": "73", "missing_lines": 3, "excluded_lines": 0, "percent_statements_covered": 72.72727272727273, "percent_statements_covered_display": "73"}, "missing_lines": [40, 48, 56], "excluded_lines": []}, "check_scan_limits": {"executed_lines": [74, 75, 78, 80, 85, 86, 91], "summary": {"covered_lines": 7, "num_statements": 7, "percent_covered": 100.0, "percent_covered_display": "100", "missing_lines": 0, "excluded_lines": 0, "percent_statements_covered": 100.0, "percent_statements_covered_display": "100"}, "missing_lines": [], "excluded_lines": []}, "": {"executed_lines": [1, 5, 6, 7, 9, 10, 11, 12, 13, 14, 16, 19, 65], "summary": {"covered_lines": 12, "num_statements": 12, "percent_covered": 100.0, "percent_covered_display": "100", "missing_lines": 0, "excluded_lines": 0, "percent_statements_covered": 100.0, "percent_statements_covered_display": "100"}, "missing_lines": [], "excluded_lines": []}}, "classes": {"": {"executed_lines": [1, 5, 6, 7, 9, 10, 11, 12, 13, 14, 16, 19, 36, 37, 39, 46, 47, 54, 55, 62, 65, 74, 75, 78, 80, 85, 86, 91], "summary": {"covered_lines": 27, "num_statements": 30, "percent_covered": 90.0, "percent_covered_display": "90", "missing_lines": 3, "excluded_lines": 0, "percent_statements_covered": 90.0, "percent_statements_covered_display": "90"}, "missing_lines": [40, 48, 56], "excluded_lines": []}}}, "app/api/v1/__init__.py": {"executed_lines": [0], "summary": {"covered_lines": 0, "num_statements": 0, "percent_covered": 100.0, "percent_covered_display": "100", "missing_lines": 0, "excluded_lines": 0, "percent_statements_covered": 100.0, "percent_statements_covered_display": "100"}, "missing_lines": [], "excluded_lines": [], "functions": {"": {"executed_lines": [], "summary": {"covered_lines": 0, "num_statements": 0, "percent_covered": 100.0, "percent_covered_display": "100", "missing_lines": 0, "excluded_lines": 0, "percent_statements_covered": 100.0, "percent_statements_covered_display": "100"}, "missing_lines": [], "excluded_lines": []}}, "classes": {"": {"executed_lines": [], "summary": {"covered_lines": 0, "num_statements": 0, "percent_covered": 100.0, "percent_covered_display": "100", "missing_lines": 0, "excluded_lines": 0, "percent_statements_covered": 100.0, "percent_statements_covered_display": "100"}, "missing_lines": [], "excluded_lines": []}}}, "app/api/v1/api.py": {"executed_lines": [1, 5, 7, 9, 12, 13, 14, 15, 16], "summary": {"covered_lines": 8, "num_statements": 8, "percent_covered": 100.0, "percent_covered_display": "100", "missing_lines": 0, "excluded_lines": 0, "percent_statements_covered": 100.0, "percent_statements_covered_display": "100"}, "missing_lines": [], "excluded_lines": [], "functions": {"": {"executed_lines": [1, 5, 7, 9, 12, 13, 14, 15, 16], "summary": {"covered_lines": 8, "num_statements": 8, "percent_covered": 100.0, "percent_covered_display": "100", "missing_lines": 0, "excluded_lines": 0, "percent_statements_covered": 100.0, "percent_statements_covered_display": "100"}, "missing_lines": [], "excluded_lines": []}}, "classes": {"": {"executed_lines": [1, 5, 7, 9, 12, 13, 14, 15, 16], "summary": {"covered_lines": 8, "num_statements": 8, "percent_covered": 100.0, "percent_covered_display": "100", "missing_lines": 0, "excluded_lines": 0, "percent_statements_covered": 100.0, "percent_statements_covered_display": "100"}, "missing_lines": [], "excluded_lines": []}}}, "app/api/v1/endpoints/__init__.py": {"executed_lines": [0], "summary": {"covered_lines": 0, "num_statements": 0, "percent_covered": 100.0, "percent_covered_display": "100", "missing_lines": 0, "excluded_lines": 0, "percent_statements_covered": 100.0, "percent_statements_covered_display": "100"}, "missing_lines": [], "excluded_lines": [], "functions": {"": {"executed_lines": [], "summary": {"covered_lines": 0, "num_statements": 0, "percent_covered": 100.0, "percent_covered_display": "100", "missing_lines": 0, "excluded_lines": 0, "percent_statements_covered": 100.0, "percent_statements_covered_display": "100"}, "missing_lines": [], "excluded_lines": []}}, "classes": {"": {"executed_lines": [], "summary": {"covered_lines": 0, "num_statements": 0, "percent_covered": 100.0, "percent_covered_display": "100", "missing_lines": 0, "excluded_lines": 0, "percent_statements_covered": 100.0, "percent_statements_covered_display": "100"}, "missing_lines": [], "excluded_lines": []}}}, "app/api/v1/endpoints/auth.py": {"executed_lines": [1, 5, 6, 7, 9, 10, 11, 12, 13, 14, 21, 24, 25, 28, 29, 30, 79, 80, 81, 168, 169, 184, 185, 213, 214, 220, 221, 222, 225, 226, 255, 256, 276, 277, 278, 315, 316, 317], "summary": {"covered_lines": 37, "num_statements": 118, "percent_covered": 31.35593220338983, "percent_covered_display": "31", "missing_lines": 81, "excluded_lines": 0, "percent_statements_covered": 31.35593220338983, "percent_statements_covered_display": "31"}, "missing_lines": [45, 46, 47, 53, 54, 63, 64, 65, 68, 72, 100, 103, 105, 112, 113, 114, 121, 123, 124, 127, 128, 129, 132, 133, 134, 135, 137, 139, 146, 148, 155, 156, 157, 158, 161, 165, 181, 202, 203, 204, 206, 207, 209, 235, 236, 237, 238, 242, 244, 245, 247, 248, 250, 251, 252, 264, 265, 270, 271, 273, 293, 294, 296, 299, 300, 301, 302, 305, 306, 307, 308, 310, 312, 332, 337, 338, 344, 345, 346, 347, 349], "excluded_lines": [], "functions": {"register": {"executed_lines": [], "summary": {"covered_lines": 0, "num_statements": 10, "percent_covered": 0.0, "percent_covered_display": "0", "missing_lines": 10, "excluded_lines": 0, "percent_statements_covered": 0.0, "percent_statements_covered_display": "0"}, "missing_lines": [45, 46, 47, 53, 54, 63, 64, 65, 68, 72], "excluded_lines": []}, "login": {"executed_lines": [], "summary": {"covered_lines": 0, "num_statements": 26, "percent_covered": 0.0, "percent_covered_display": "0", "missing_lines": 26, "excluded_lines": 0, "percent_statements_covered": 0.0, "percent_statements_covered_display": "0"}, "missing_lines": [100, 103, 105, 112, 113, 114, 121, 123, 124, 127, 128, 129, 132, 133, 134, 135, 137, 139, 146, 148, 155, 156, 157, 158, 161, 165], "excluded_lines": []}, "get_current_user_info": {"executed_lines": [], "summary": {"covered_lines": 0, "num_statements": 1, "percent_covered": 0.0, "percent_covered_display": "0", "missing_lines": 1, "excluded_lines": 0, "percent_statements_covered": 0.0, "percent_statements_covered_display": "0"}, "missing_lines": [181], "excluded_lines": []}, "complete_onboarding": {"executed_lines": [], "summary": {"covered_lines": 0, "num_statements": 6, "percent_covered": 0.0, "percent_covered_display": "0", "missing_lines": 6, "excluded_lines": 0, "percent_statements_covered": 0.0, "percent_statements_covered_display": "0"}, "missing_lines": [202, 203, 204, 206, 207, 209], "excluded_lines": []}, "update_profile": {"executed_lines": [], "summary": {"covered_lines": 0, "num_statements": 12, "percent_covered": 0.0, "percent_covered_display": "0", "missing_lines": 12, "excluded_lines": 0, "percent_statements_covered": 0.0, "percent_statements_covered_display": "0"}, "missing_lines": [235, 236, 237, 238, 242, 244, 245, 247, 248, 250, 251, 252], "excluded_lines": []}, "change_password": {"executed_lines": [], "summary": {"covered_lines": 0, "num_statements": 5, "percent_covered": 0.0, "percent_covered_display": "0", "missing_lines": 5, "excluded_lines": 0, "percent_statements_covered": 0.0, "percent_statements_covered_display": "0"}, "missing_lines": [264, 265, 270, 271, 273], "excluded_lines": []}, "forgot_password": {"executed_lines": [], "summary": {"covered_lines": 0, "num_statements": 13, "percent_covered": 0.0, "percent_covered_display": "0", "missing_lines": 13, "excluded_lines": 0, "percent_statements_covered": 0.0, "percent_statements_covered_display": "0"}, "missing_lines": [293, 294, 296, 299, 300, 301, 302, 305, 306, 307, 308, 310, 312], "excluded_lines": []}, "reset_password": {"executed_lines": [], "summary": {"covered_lines": 0, "num_statements": 8, "percent_covered": 0.0, "percent_covered_display": "0", "missing_lines": 8, "excluded_lines": 0, "percent_statements_covered": 0.0, "percent_statements_covered_display": "0"}, "missing_lines": [332, 337, 338, 344, 345, 346, 347, 349], "excluded_lines": []}, "": {"executed_lines": [1, 5, 6, 7, 9, 10, 11, 12, 13, 14, 21, 24, 25, 28, 29, 30, 79, 80, 81, 168, 169, 184, 185, 213, 214, 220, 221, 222, 225, 226, 255, 256, 276, 277, 278, 315, 316, 317], "summary": {"covered_lines": 37, "num_statements": 37, "percent_covered": 100.0, "percent_covered_display": "100", "missing_lines": 0, "excluded_lines": 0, "percent_statements_covered": 100.0, "percent_statements_covered_display": "100"}, "missing_lines": [], "excluded_lines": []}}, "classes": {"": {"executed_lines": [1, 5, 6, 7, 9, 10, 11, 12, 13, 14, 21, 24, 25, 28, 29, 30, 79, 80, 81, 168, 169, 184, 185, 213, 214, 220, 221, 222, 225, 226, 255, 256, 276, 277, 278, 315, 316, 317], "summary": {"covered_lines": 37, "num_statements": 118, "percent_covered": 31.35593220338983, "percent_covered_display": "31", "missing_lines": 81, "excluded_lines": 0, "percent_statements_covered": 31.35593220338983, "percent_statements_covered_display": "31"}, "missing_lines": [45, 46, 47, 53, 54, 63, 64, 65, 68, 72, 100, 103, 105, 112, 113, 114, 121, 123, 124, 127, 128, 129, 132, 133, 134, 135, 137, 139, 146, 148, 155, 156, 157, 158, 161, 165, 181, 202, 203, 204, 206, 207, 209, 235, 236, 237, 238, 242, 244, 245, 247, 248, 250, 251, 252, 264, 265, 270, 271, 273, 293, 294, 296, 299, 300, 301, 302, 305, 306, 307, 308, 310, 312, 332, 337, 338, 344, 345, 346, 347, 349], "excluded_lines": []}}}, "app/api/v1/endpoints/health.py": {"executed_lines": [1, 5, 6, 7, 8, 9, 10, 12, 13, 15, 18, 19, 78, 79, 95, 96], "summary": {"covered_lines": 15, "num_statements": 34, "percent_covered": 44.11764705882353, "percent_covered_display": "44", "missing_lines": 19, "excluded_lines": 0, "percent_statements_covered": 44.11764705882353, "percent_statements_covered_display": "44"}, "missing_lines": [32, 41, 42, 43, 44, 45, 47, 52, 53, 54, 60, 66, 72, 86, 103, 105, 107, 114, 115], "excluded_lines": [], "functions": {"health_check": {"executed_lines": [], "summary": {"covered_lines": 0, "num_statements": 13, "percent_covered": 0.0, "percent_covered_display": "0", "missing_lines": 13, "excluded_lines": 0, "percent_statements_covered": 0.0, "percent_statements_covered_display": "0"}, "missing_lines": [32, 41, 42, 43, 44, 45, 47, 52, 53, 54, 60, 66, 72], "excluded_lines": []}, "liveness_check": {"executed_lines": [], "summary": {"covered_lines": 0, "num_statements": 1, "percent_covered": 0.0, "percent_covered_display": "0", "missing_lines": 1, "excluded_lines": 0, "percent_statements_covered": 0.0, "percent_statements_covered_display": "0"}, "missing_lines": [86], "excluded_lines": []}, "readiness_check": {"executed_lines": [], "summary": {"covered_lines": 0, "num_statements": 5, "percent_covered": 0.0, "percent_covered_display": "0", "missing_lines": 5, "excluded_lines": 0, "percent_statements_covered": 0.0, "percent_statements_covered_display": "0"}, "missing_lines": [103, 105, 107, 114, 115], "excluded_lines": []}, "": {"executed_lines": [1, 5, 6, 7, 8, 9, 10, 12, 13, 15, 18, 19, 78, 79, 95, 96], "summary": {"covered_lines": 15, "num_statements": 15, "percent_covered": 100.0, "percent_covered_display": "100", "missing_lines": 0, "excluded_lines": 0, "percent_statements_covered": 100.0, "percent_statements_covered_display": "100"}, "missing_lines": [], "excluded_lines": []}}, "classes": {"": {"executed_lines": [1, 5, 6, 7, 8, 9, 10, 12, 13, 15, 18, 19, 78, 79, 95, 96], "summary": {"covered_lines": 15, "num_statements": 34, "percent_covered": 44.11764705882353, "percent_covered_display": "44", "missing_lines": 19, "excluded_lines": 0, "percent_statements_covered": 44.11764705882353, "percent_statements_covered_display": "44"}, "missing_lines": [32, 41, 42, 43, 44, 45, 47, 52, 53, 54, 60, 66, 72, 86, 103, 105, 107, 114, 115], "excluded_lines": []}}}, "app/api/v1/endpoints/orders.py": {"executed_lines": [1, 2, 3, 4, 5, 6, 7, 9, 10, 11, 13, 15, 18, 21, 25, 28, 29, 94, 95, 113, 114, 142, 143], "summary": {"covered_lines": 23, "num_statements": 109, "percent_covered": 21.10091743119266, "percent_covered_display": "21", "missing_lines": 86, "excluded_lines": 0, "percent_statements_covered": 21.10091743119266, "percent_statements_covered_display": "21"}, "missing_lines": [38, 39, 41, 42, 48, 52, 54, 57, 75, 76, 77, 79, 81, 82, 86, 87, 88, 102, 104, 105, 110, 123, 125, 126, 128, 130, 134, 171, 172, 173, 174, 175, 181, 182, 183, 184, 189, 191, 196, 198, 199, 203, 205, 206, 213, 214, 215, 219, 220, 221, 227, 228, 229, 230, 233, 234, 236, 239, 240, 241, 242, 244, 246, 250, 252, 253, 254, 255, 256, 257, 259, 261, 263, 265, 266, 269, 273, 274, 275, 276, 277, 280, 283, 285, 286, 288], "excluded_lines": [], "functions": {"create_order": {"executed_lines": [], "summary": {"covered_lines": 0, "num_statements": 17, "percent_covered": 0.0, "percent_covered_display": "0", "missing_lines": 17, "excluded_lines": 0, "percent_statements_covered": 0.0, "percent_statements_covered_display": "0"}, "missing_lines": [38, 39, 41, 42, 48, 52, 54, 57, 75, 76, 77, 79, 81, 82, 86, 87, 88], "excluded_lines": []}, "get_order": {"executed_lines": [], "summary": {"covered_lines": 0, "num_statements": 4, "percent_covered": 0.0, "percent_covered_display": "0", "missing_lines": 4, "excluded_lines": 0, "percent_statements_covered": 0.0, "percent_statements_covered_display": "0"}, "missing_lines": [102, 104, 105, 110], "excluded_lines": []}, "list_orders": {"executed_lines": [], "summary": {"covered_lines": 0, "num_statements": 6, "percent_covered": 0.0, "percent_covered_display": "0", "missing_lines": 6, "excluded_lines": 0, "percent_statements_covered": 0.0, "percent_statements_covered_display": "0"}, "missing_lines": [123, 125, 126, 128, 130, 134], "excluded_lines": []}, "stripe_webhook": {"executed_lines": [], "summary": {"covered_lines": 0, "num_statements": 59, "percent_covered": 0.0, "percent_covered_display": "0", "missing_lines": 59, "excluded_lines": 0, "percent_statements_covered": 0.0, "percent_statements_covered_display": "0"}, "missing_lines": [171, 172, 173, 174, 175, 181, 182, 183, 184, 189, 191, 196, 198, 199, 203, 205, 206, 213, 214, 215, 219, 220, 221, 227, 228, 229, 230, 233, 234, 236, 239, 240, 241, 242, 244, 246, 250, 252, 253, 254, 255, 256, 257, 259, 261, 263, 265, 266, 269, 273, 274, 275, 276, 277, 280, 283, 285, 286, 288], "excluded_lines": []}, "": {"executed_lines": [1, 2, 3, 4, 5, 6, 7, 9, 10, 11, 13, 15, 18, 21, 25, 28, 29, 94, 95, 113, 114, 142, 143], "summary": {"covered_lines": 23, "num_statements": 23, "percent_covered": 100.0, "percent_covered_display": "100", "missing_lines": 0, "excluded_lines": 0, "percent_statements_covered": 100.0, "percent_statements_covered_display": "100"}, "missing_lines": [], "excluded_lines": []}}, "classes": {"": {"executed_lines": [1, 2, 3, 4, 5, 6, 7, 9, 10, 11, 13, 15, 18, 21, 25, 28, 29, 94, 95, 113, 114, 142, 143], "summary": {"covered_lines": 23, "num_statements": 109, "percent_covered": 21.10091743119266, "percent_covered_display": "21", "missing_lines": 86, "excluded_lines": 0, "percent_statements_covered": 21.10091743119266, "percent_statements_covered_display": "21"}, "missing_lines": [38, 39, 41, 42, 48, 52, 54, 57, 75, 76, 77, 79, 81, 82, 86, 87, 88, 102, 104, 105, 110, 123, 125, 126, 128, 130, 134, 171, 172, 173, 174, 175, 181, 182, 183, 184, 189, 191, 196, 198, 199, 203, 205, 206, 213, 214, 215, 219, 220, 221, 227, 228, 229, 230, 233, 234, 236, 239, 240, 241, 242, 244, 246, 250, 252, 253, 254, 255, 256, 257, 259, 261, 263, 265, 266, 269, 273, 274, 275, 276, 277, 280, 283, 285, 286, 288], "excluded_lines": []}}}, "app/api/v1/endpoints/scans.py": {"executed_lines": [1, 5, 6, 7, 8, 9, 10, 11, 12, 14, 15, 16, 17, 18, 19, 20, 21, 22, 23, 24, 25, 27, 30, 115, 116, 129, 134, 141, 149, 150, 151, 154, 155, 156, 158, 159, 160, 163, 165, 168, 169, 180, 181, 206, 207, 237, 238], "summary": {"covered_lines": 46, "num_statements": 106, "percent_covered": 43.39622641509434, "percent_covered_display": "43", "missing_lines": 60, "excluded_lines": 0, "percent_statements_covered": 43.39622641509434, "percent_statements_covered_display": "43"}, "missing_lines": [34, 35, 36, 38, 40, 41, 44, 45, 46, 49, 50, 51, 53, 56, 57, 58, 61, 64, 70, 73, 74, 85, 88, 89, 90, 91, 94, 95, 96, 97, 103, 104, 109, 110, 111, 112, 135, 199, 203, 223, 228, 229, 234, 262, 264, 266, 267, 270, 271, 272, 275, 276, 278, 279, 282, 285, 291, 293, 299, 300], "excluded_lines": [], "functions": {"process_scan": {"executed_lines": [], "summary": {"covered_lines": 0, "num_statements": 36, "percent_covered": 0.0, "percent_covered_display": "0", "missing_lines": 36, "excluded_lines": 0, "percent_statements_covered": 0.0, "percent_statements_covered_display": "0"}, "missing_lines": [34, 35, 36, 38, 40, 41, 44, 45, 46, 49, 50, 51, 53, 56, 57, 58, 61, 64, 70, 73, 74, 85, 88, 89, 90, 91, 94, 95, 96, 97, 103, 104, 109, 110, 111, 112], "excluded_lines": []}, "upload_scan": {"executed_lines": [129, 134, 141, 149, 150, 151, 154, 155, 156, 158, 159, 160, 163, 165], "summary": {"covered_lines": 14, "num_statements": 15, "percent_covered": 93.33333333333333, "percent_covered_display": "93", "missing_lines": 1, "excluded_lines": 0, "percent_statements_covered": 93.33333333333333, "percent_statements_covered_display": "93"}, "missing_lines": [135], "excluded_lines": []}, "create_scan": {"executed_lines": [], "summary": {"covered_lines": 0, "num_statements": 0, "percent_covered": 100.0, "percent_covered_display": "100", "missing_lines": 0, "excluded_lines": 0, "percent_statements_covered": 100.0, "percent_statements_covered_display": "100"}, "missing_lines": [], "excluded_lines": []}, "list_scans": {"executed_lines": [], "summary": {"covered_lines": 0, "num_statements": 2, "percent_covered": 0.0, "percent_covered_display": "0", "missing_lines": 2, "excluded_lines": 0, "percent_statements_covered": 0.0, "percent_statements_covered_display": "0"}, "missing_lines": [199, 203], "excluded_lines": []}, "get_scan": {"executed_lines": [], "summary": {"covered_lines": 0, "num_statements": 4, "percent_covered": 0.0, "percent_covered_display": "0", "missing_lines": 4, "excluded_lines": 0, "percent_statements_covered": 0.0, "percent_statements_covered_display": "0"}, "missing_lines": [223, 228, 229, 234], "excluded_lines": []}, "estimate_scan_tokens": {"executed_lines": [], "summary": {"covered_lines": 0, "num_statements": 17, "percent_covered": 0.0, "percent_covered_display": "0", "missing_lines": 17, "excluded_lines": 0, "percent_statements_covered": 0.0, "percent_statements_covered_display": "0"}, "missing_lines": [262, 264, 266, 267, 270, 271, 272, 275, 276, 278, 279, 282, 285, 291, 293, 299, 300], "excluded_lines": []}, "": {"executed_lines": [1, 5, 6, 7, 8, 9, 10, 11, 12, 14, 15, 16, 17, 18, 19, 20, 21, 22, 23, 24, 25, 27, 30, 115, 116, 168, 169, 180, 181, 206, 207, 237, 238], "summary": {"covered_lines": 32, "num_statements": 32, "percent_covered": 100.0, "percent_covered_display": "100", "missing_lines": 0, "excluded_lines": 0, "percent_statements_covered": 100.0, "percent_statements_covered_display": "100"}, "missing_lines": [], "excluded_lines": []}}, "classes": {"": {"executed_lines": [1, 5, 6, 7, 8, 9, 10, 11, 12, 14, 15, 16, 17, 18, 19, 20, 21, 22, 23, 24, 25, 27, 30, 115, 116, 129, 134, 141, 149, 150, 151, 154, 155, 156, 158, 159, 160, 163, 165, 168, 169, 180, 181, 206, 207, 237, 238], "summary": {"covered_lines": 46, "num_statements": 106, "percent_covered": 43.39622641509434, "percent_covered_display": "43", "missing_lines": 60, "excluded_lines": 0, "percent_statements_covered": 43.39622641509434, "percent_statements_covered_display": "43"}, "missing_lines": [34, 35, 36, 38, 40, 41, 44, 45, 46, 49, 50, 51, 53, 56, 57, 58, 61, 64, 70, 73, 74, 85, 88, 89, 90, 91, 94, 95, 96, 97, 103, 104, 109, 110, 111, 112, 135, 199, 203, 223, 228, 229, 234, 262, 264, 266, 267, 270, 271, 272, 275, 276, 278, 279, 282, 285, 291, 293, 299, 300], "excluded_lines": []}}}, "app/api/v1/endpoints/sites.py": {"executed_lines": [1, 5, 6, 7, 9, 10, 11, 12, 13, 15, 18, 19, 49, 50, 75, 76, 106, 107, 147, 148], "summary": {"covered_lines": 19, "num_statements": 45, "percent_covered": 42.22222222222222, "percent_covered_display": "42", "missing_lines": 26, "excluded_lines": 0, "percent_statements_covered": 42.22222222222222, "percent_statements_covered_display": "42"}, "missing_lines": [35, 42, 43, 44, 46, 68, 72, 92, 97, 98, 103, 125, 130, 131, 137, 138, 139, 141, 142, 144, 161, 166, 167, 172, 173, 175], "excluded_lines": [], "functions": {"create_site": {"executed_lines": [], "summary": {"covered_lines": 0, "num_statements": 5, "percent_covered": 0.0, "percent_covered_display": "0", "missing_lines": 5, "excluded_lines": 0, "percent_statements_covered": 0.0, "percent_statements_covered_display": "0"}, "missing_lines": [35, 42, 43, 44, 46], "excluded_lines": []}, "list_sites": {"executed_lines": [], "summary": {"covered_lines": 0, "num_statements": 2, "percent_covered": 0.0, "percent_covered_display": "0", "missing_lines": 2, "excluded_lines": 0, "percent_statements_covered": 0.0, "percent_statements_covered_display": "0"}, "missing_lines": [68, 72], "excluded_lines": []}, "get_site": {"executed_lines": [], "summary": {"covered_lines": 0, "num_statements": 4, "percent_covered": 0.0, "percent_covered_display": "0", "missing_lines": 4, "excluded_lines": 0, "percent_statements_covered": 0.0, "percent_statements_covered_display": "0"}, "missing_lines": [92, 97, 98, 103], "excluded_lines": []}, "update_site": {"executed_lines": [], "summary": {"covered_lines": 0, "num_statements": 9, "percent_covered": 0.0, "percent_covered_display": "0", "missing_lines": 9, "excluded_lines": 0, "percent_statements_covered": 0.0, "percent_statements_covered_display": "0"}, "missing_lines": [125, 130, 131, 137, 138, 139, 141, 142, 144], "excluded_lines": []}, "delete_site": {"executed_lines": [], "summary": {"covered_lines": 0, "num_statements": 6, "percent_covered": 0.0, "percent_covered_display": "0", "missing_lines": 6, "excluded_lines": 0, "percent_statements_covered": 0.0, "percent_statements_covered_display": "0"}, "missing_lines": [161, 166, 167, 172, 173, 175], "excluded_lines": []}, "": {"executed_lines": [1, 5, 6, 7, 9, 10, 11, 12, 13, 15, 18, 19, 49, 50, 75, 76, 106, 107, 147, 148], "summary": {"covered_lines": 19, "num_statements": 19, "percent_covered": 100.0, "percent_covered_display": "100", "missing_lines": 0, "excluded_lines": 0, "percent_statements_covered": 100.0, "percent_statements_covered_display": "100"}, "missing_lines": [], "excluded_lines": []}}, "classes": {"": {"executed_lines": [1, 5, 6, 7, 9, 10, 11, 12, 13, 15, 18, 19, 49, 50, 75, 76, 106, 107, 147, 148], "summary": {"covered_lines": 19, "num_statements": 45, "percent_covered": 42.22222222222222, "percent_covered_display": "42", "missing_lines": 26, "excluded_lines": 0, "percent_statements_covered": 42.22222222222222, "percent_statements_covered_display": "42"}, "missing_lines": [35, 42, 43, 44, 46, 68, 72, 92, 97, 98, 103, 125, 130, 131, 137, 138, 139, 141, 142, 144, 161, 166, 167, 172, 173, 175], "excluded_lines": []}}}, "app/core/__init__.py": {"executed_lines": [0], "summary": {"covered_lines": 0, "num_statements": 0, "percent_covered": 100.0, "percent_covered_display": "100", "missing_lines": 0, "excluded_lines": 0, "percent_statements_covered": 100.0, "percent_statements_covered_display": "100"}, "missing_lines": [], "excluded_lines": [], "functions": {"": {"executed_lines": [], "summary": {"covered_lines": 0, "num_statements": 0, "percent_covered": 100.0, "percent_covered_display": "100", "missing_lines": 0, "excluded_lines": 0, "percent_statements_covered": 100.0, "percent_statements_covered_display": "100"}, "missing_lines": [], "excluded_lines": []}}, "classes": {"": {"executed_lines": [], "summary": {"covered_lines": 0, "num_statements": 0, "percent_covered": 100.0, "percent_covered_display": "100", "missing_lines": 0, "excluded_lines": 0, "percent_statements_covered": 100.0, "percent_statements_covered_display": "100"}, "missing_lines": [], "excluded_lines": []}}}, "app/core/config.py": {"executed_lines": [2, 6, 7, 8, 11, 12, 15, 16, 17, 20, 23, 24, 25, 28, 29, 32, 33, 36, 37, 38, 41, 42, 45, 46, 47, 50, 51, 54, 56, 57, 58, 60, 62, 63, 69, 70, 72, 73, 74, 77], "summary": {"covered_lines": 38, "num_statements": 42, "percent_covered": 90.47619047619048, "percent_covered_display": "90", "missing_lines": 4, "excluded_lines": 0, "percent_statements_covered": 90.47619047619048, "percent_statements_covered_display": "90"}, "missing_lines": [61, 64, 65, 66], "excluded_lines": [], "functions": {"Settings.assemble_cors_origins": {"executed_lines": [60, 62, 63], "summary": {"covered_lines": 3, "num_statements": 7, "percent_covered": 42.857142857142854, "percent_covered_display": "43", "missing_lines": 4, "excluded_lines": 0, "percent_statements_covered": 42.857142857142854, "percent_statements_covered_display": "43"}, "missing_lines": [61, 64, 65, 66], "excluded_lines": []}, "": {"executed_lines": [2, 6, 7, 8, 11, 12, 15, 16, 17, 20, 23, 24, 25, 28, 29, 32, 33, 36, 37, 38, 41, 42, 45, 46, 47, 50, 51, 54, 56, 57, 58, 69, 70, 72, 73, 74, 77], "summary": {"covered_lines": 35, "num_statements": 35, "percent_covered": 100.0, "percent_covered_display": "100", "missing_lines": 0, "excluded_lines": 0, "percent_statements_covered": 100.0, "percent_statements_covered_display": "100"}, "missing_lines": [], "excluded_lines": []}}, "classes": {"Settings": {"executed_lines": [60, 62, 63], "summary": {"covered_lines": 3, "num_statements": 7, "percent_covered": 42.857142857142854, "percent_covered_display": "43", "missing_lines": 4, "excluded_lines": 0, "percent_statements_covered": 42.857142857142854, "percent_statements_covered_display": "43"}, "missing_lines": [61, 64, 65, 66], "excluded_lines": []}, "Settings.Config": {"executed_lines": [], "summary": {"covered_lines": 0, "num_statements": 0, "percent_covered": 100.0, "percent_covered_display": "100", "missing_lines": 0, "excluded_lines": 0, "percent_statements_covered": 100.0, "percent_statements_covered_display": "100"}, "missing_lines": [], "excluded_lines": []}, "": {"executed_lines": [2, 6, 7, 8, 11, 12, 15, 16, 17, 20, 23, 24, 25, 28, 29, 32, 33, 36, 37, 38, 41, 42, 45, 46, 47, 50, 51, 54, 56, 57, 58, 69, 70, 72, 73, 74, 77], "summary": {"covered_lines": 35, "num_statements": 35, "percent_covered": 100.0, "percent_covered_display": "100", "missing_lines": 0, "excluded_lines": 0, "percent_statements_covered": 100.0, "percent_statements_covered_display": "100"}, "missing_lines": [], "excluded_lines": []}}}, "app/core/input_sanitization.py": {"executed_lines": [1, 5, 6, 7, 10, 35, 58, 85, 125, 153], "summary": {"covered_lines": 9, "num_statements": 52, "percent_covered": 17.307692307692307, "percent_covered_display": "17", "missing_lines": 43, "excluded_lines": 0, "percent_statements_covered": 17.307692307692307, "percent_statements_covered_display": "17"}, "missing_lines": [20, 21, 24, 27, 30, 32, 47, 48, 51, 52, 53, 55, 72, 73, 76, 78, 79, 82, 98, 99, 102, 105, 108, 111, 114, 115, 118, 119, 120, 122, 138, 139, 142, 143, 146, 147, 148, 150, 164, 165, 167, 168, 170], "excluded_lines": [], "functions": {"sanitize_html": {"executed_lines": [], "summary": {"covered_lines": 0, "num_statements": 6, "percent_covered": 0.0, "percent_covered_display": "0", "missing_lines": 6, "excluded_lines": 0, "percent_statements_covered": 0.0, "percent_statements_covered_display": "0"}, "missing_lines": [20, 21, 24, 27, 30, 32], "excluded_lines": []}, "sanitize_sql_like_pattern": {"executed_lines": [], "summary": {"covered_lines": 0, "num_statements": 6, "percent_covered": 0.0, "percent_covered_display": "0", "missing_lines": 6, "excluded_lines": 0, "percent_statements_covered": 0.0, "percent_statements_covered_display": "0"}, "missing_lines": [47, 48, 51, 52, 53, 55], "excluded_lines": []}, "validate_email_format": {"executed_lines": [], "summary": {"covered_lines": 0, "num_statements": 6, "percent_covered": 0.0, "percent_covered_display": "0", "missing_lines": 6, "excluded_lines": 0, "percent_statements_covered": 0.0, "percent_statements_covered_display": "0"}, "missing_lines": [72, 73, 76, 78, 79, 82], "excluded_lines": []}, "sanitize_filename": {"executed_lines": [], "summary": {"covered_lines": 0, "num_statements": 12, "percent_covered": 0.0, "percent_covered_display": "0", "missing_lines": 12, "excluded_lines": 0, "percent_statements_covered": 0.0, "percent_statements_covered_display": "0"}, "missing_lines": [98, 99, 102, 105, 108, 111, 114, 115, 118, 119, 120, 122], "excluded_lines": []}, "validate_url": {"executed_lines": [], "summary": {"covered_lines": 0, "num_statements": 8, "percent_covered": 0.0, "percent_covered_display": "0", "missing_lines": 8, "excluded_lines": 0, "percent_statements_covered": 0.0, "percent_statements_covered_display": "0"}, "missing_lines": [138, 139, 142, 143, 146, 147, 148, 150], "excluded_lines": []}, "truncate_string": {"executed_lines": [], "summary": {"covered_lines": 0, "num_statements": 5, "percent_covered": 0.0, "percent_covered_display": "0", "missing_lines": 5, "excluded_lines": 0, "percent_statements_covered": 0.0, "percent_statements_covered_display": "0"}, "missing_lines": [164, 165, 167, 168, 170], "excluded_lines": []}, "": {"executed_lines": [1, 5, 6, 7, 10, 35, 58, 85, 125, 153], "summary": {"covered_lines": 9, "num_statements": 9, "percent_covered": 100.0, "percent_covered_display": "100", "missing_lines": 0, "excluded_lines": 0, "percent_statements_covered": 100.0, "percent_statements_covered_display": "100"}, "missing_lines": [], "excluded_lines": []}}, "classes": {"": {"executed_lines": [1, 5, 6, 7, 10, 35, 58, 85, 125, 153], "summary": {"covered_lines": 9, "num_statements": 52, "percent_covered": 17.307692307692307, "percent_covered_display": "17", "missing_lines": 43, "excluded_lines": 0, "percent_statements_covered": 17.307692307692307, "percent_statements_covered_display": "17"}, "missing_lines": [20, 21, 24, 27, 30, 32, 47, 48, 51, 52, 53, 55, 72, 73, 76, 78, 79, 82, 98, 99, 102, 105, 108, 111, 114, 115, 118, 119, 120, 122, 138, 139, 142, 143, 146, 147, 148, 150, 164, 165, 167, 168, 170], "excluded_lines": []}}}, "app/core/password_policy.py": {"executed_lines": [1, 5, 6, 10, 22, 23, 24, 27, 103], "summary": {"covered_lines": 7, "num_statements": 51, "percent_covered": 13.72549019607843, "percent_covered_display": "14", "missing_lines": 44, "excluded_lines": 0, "percent_statements_covered": 13.72549019607843, "percent_statements_covered_display": "14"}, "missing_lines": [48, 49, 53, 54, 59, 60, 65, 66, 71, 72, 77, 78, 83, 84, 89, 90, 95, 96, 100, 113, 116, 117, 118, 119, 120, 121, 124, 125, 126, 127, 128, 129, 130, 131, 134, 135, 136, 137, 138, 141, 142, 143, 144, 146], "excluded_lines": [], "functions": {"validate_password_strength": {"executed_lines": [], "summary": {"covered_lines": 0, "num_statements": 19, "percent_covered": 0.0, "percent_covered_display": "0", "missing_lines": 19, "excluded_lines": 0, "percent_statements_covered": 0.0, "percent_statements_covered_display": "0"}, "missing_lines": [48, 49, 53, 54, 59, 60, 65, 66, 71, 72, 77, 78, 83, 84, 89, 90, 95, 96, 100], "excluded_lines": []}, "get_password_strength_score": {"executed_lines": [], "summary": {"covered_lines": 0, "num_statements": 25, "percent_covered": 0.0, "percent_covered_display": "0", "missing_lines": 25, "excluded_lines": 0, "percent_statements_covered": 0.0, "percent_statements_covered_display": "0"}, "missing_lines": [113, 116, 117, 118, 119, 120, 121, 124, 125, 126, 127, 128, 129, 130, 131, 134, 135, 136, 137, 138, 141, 142, 143, 144, 146], "excluded_lines": []}, "": {"executed_lines": [1, 5, 6, 10, 22, 23, 24, 27, 103], "summary": {"covered_lines": 7, "num_statements": 7, "percent_covered": 100.0, "percent_covered_display": "100", "missing_lines": 0, "excluded_lines": 0, "percent_statements_covered": 100.0, "percent_statements_covered_display": "100"}, "missing_lines": [], "excluded_lines": []}}, "classes": {"PasswordValidationError": {"executed_lines": [], "summary": {"covered_lines": 0, "num_statements": 0, "percent_covered": 100.0, "percent_covered_display": "100", "missing_lines": 0, "excluded_lines": 0, "percent_statements_covered": 100.0, "percent_statements_covered_display": "100"}, "missing_lines": [], "excluded_lines": []}, "": {"executed_lines": [1, 5, 6, 10, 22, 23, 24, 27, 103], "summary": {"covered_lines": 7, "num_statements": 51, "percent_covered": 13.72549019607843, "percent_covered_display": "14", "missing_lines": 44, "excluded_lines": 0, "percent_statements_covered": 13.72549019607843, "percent_statements_covered_display": "14"}, "missing_lines": [48, 49, 53, 54, 59, 60, 65, 66, 71, 72, 77, 78, 83, 84, 89, 90, 95, 96, 100, 113, 116, 117, 118, 119, 120, 121, 124, 125, 126, 127, 128, 129, 130, 131, 134, 135, 136, 137, 138, 141, 142, 143, 144, 146], "excluded_lines": []}}}, "app/core/rate_limiting.py": {"executed_lines": [1, 5, 6, 7, 10, 39, 51, 54, 57, 60, 63], "summary": {"covered_lines": 10, "num_statements": 17, "percent_covered": 58.8235294117647, "percent_covered_display": "59", "missing_lines": 7, "excluded_lines": 0, "percent_statements_covered": 58.8235294117647, "percent_statements_covered_display": "59"}, "missing_lines": [22, 23, 25, 28, 29, 30, 33], "excluded_lines": [], "functions": {"get_client_identifier": {"executed_lines": [], "summary": {"covered_lines": 0, "num_statements": 7, "percent_covered": 0.0, "percent_covered_display": "0", "missing_lines": 7, "excluded_lines": 0, "percent_statements_covered": 0.0, "percent_statements_covered_display": "0"}, "missing_lines": [22, 23, 25, 28, 29, 30, 33], "excluded_lines": []}, "": {"executed_lines": [1, 5, 6, 7, 10, 39, 51, 54, 57, 60, 63], "summary": {"covered_lines": 10, "num_statements": 10, "percent_covered": 100.0, "percent_covered_display": "100", "missing_lines": 0, "excluded_lines": 0, "percent_statements_covered": 100.0, "percent_statements_covered_display": "100"}, "missing_lines": [], "excluded_lines": []}}, "classes": {"": {"executed_lines": [1, 5, 6, 7, 10, 39, 51, 54, 57, 60, 63], "summary": {"covered_lines": 10, "num_statements": 17, "percent_covered": 58.8235294117647, "percent_covered_display": "59", "missing_lines": 7, "excluded_lines": 0, "percent_statements_covered": 58.8235294117647, "percent_statements_covered_display": "59"}, "missing_lines": [22, 23, 25, 28, 29, 30, 33], "excluded_lines": []}}}, "app/core/security.py": {"executed_lines": [1, 5, 6, 7, 8, 10, 13, 16, 21, 26, 37, 39, 42, 46, 47, 53, 56, 66, 67, 72], "summary": {"covered_lines": 19, "num_statements": 24, "percent_covered": 79.16666666666667, "percent_covered_display": "79", "missing_lines": 5, "excluded_lines": 0, "percent_statements_covered": 79.16666666666667, "percent_statements_covered_display": "79"}, "missing_lines": [18, 23, 40, 73, 74], "excluded_lines": [], "functions": {"verify_password": {"executed_lines": [], "summary": {"covered_lines": 0, "num_statements": 1, "percent_covered": 0.0, "percent_covered_display": "0", "missing_lines": 1, "excluded_lines": 0, "percent_statements_covered": 0.0, "percent_statements_covered_display": "0"}, "missing_lines": [18], "excluded_lines": []}, "get_password_hash": {"executed_lines": [], "summary": {"covered_lines": 0, "num_statements": 1, "percent_covered": 0.0, "percent_covered_display": "0", "missing_lines": 1, "excluded_lines": 0, "percent_statements_covered": 0.0, "percent_statements_covered_display": "0"}, "missing_lines": [23], "excluded_lines": []}, "create_access_token": {"executed_lines": [37, 39, 42, 46, 47, 53], "summary": {"covered_lines": 6, "num_statements": 7, "percent_covered": 85.71428571428571, "percent_covered_display": "86", "missing_lines": 1, "excluded_lines": 0, "percent_statements_covered": 85.71428571428571, "percent_statements_covered_display": "86"}, "missing_lines": [40], "excluded_lines": []}, "decode_access_token": {"executed_lines": [66, 67, 72], "summary": {"covered_lines": 3, "num_statements": 5, "percent_covered": 60.0, "percent_covered_display": "60", "missing_lines": 2, "excluded_lines": 0, "percent_statements_covered": 60.0, "percent_statements_covered_display": "60"}, "missing_lines": [73, 74], "excluded_lines": []}, "": {"executed_lines": [1, 5, 6, 7, 8, 10, 13, 16, 21, 26, 56], "summary": {"covered_lines": 10, "num_statements": 10, "percent_covered": 100.0, "percent_covered_display": "100", "missing_lines": 0, "excluded_lines": 0, "percent_statements_covered": 100.0, "percent_statements_covered_display": "100"}, "missing_lines": [], "excluded_lines": []}}, "classes": {"": {"executed_lines": [1, 5, 6, 7, 8, 10, 13, 16, 21, 26, 37, 39, 42, 46, 47, 53, 56, 66, 67, 72], "summary": {"covered_lines": 19, "num_statements": 24, "percent_covered": 79.16666666666667, "percent_covered_display": "79", "missing_lines": 5, "excluded_lines": 0, "percent_statements_covered": 79.16666666666667, "percent_statements_covered_display": "79"}, "missing_lines": [18, 23, 40, 73, 74], "excluded_lines": []}}}, "app/db/__init__.py": {"executed_lines": [0], "summary": {"covered_lines": 0, "num_statements": 0, "percent_covered": 100.0, "percent_covered_display": "100", "missing_lines": 0, "excluded_lines": 0, "percent_statements_covered": 100.0, "percent_statements_covered_display": "100"}, "missing_lines": [], "excluded_lines": [], "functions": {"": {"executed_lines": [], "summary": {"covered_lines": 0, "num_statements": 0, "percent_covered": 100.0, "percent_covered_display": "100", "missing_lines": 0, "excluded_lines": 0, "percent_statements_covered": 100.0, "percent_statements_covered_display": "100"}, "missing_lines": [], "excluded_lines": []}}, "classes": {"": {"executed_lines": [], "summary": {"covered_lines": 0, "num_statements": 0, "percent_covered": 100.0, "percent_covered_display": "100", "missing_lines": 0, "excluded_lines": 0, "percent_statements_covered": 100.0, "percent_statements_covered_display": "100"}, "missing_lines": [], "excluded_lines": []}}}, "app/db/session.py": {"executed_lines": [1, 5, 6, 7, 8, 10, 28, 42, 49], "summary": {"covered_lines": 8, "num_statements": 12, "percent_covered": 66.66666666666667, "percent_covered_display": "67", "missing_lines": 4, "excluded_lines": 0, "percent_statements_covered": 66.66666666666667, "percent_statements_covered_display": "67"}, "missing_lines": [62, 63, 64, 66], "excluded_lines": [], "functions": {"get_db": {"executed_lines": [], "summary": {"covered_lines": 0, "num_statements": 4, "percent_covered": 0.0, "percent_covered_display": "0", "missing_lines": 4, "excluded_lines": 0, "percent_statements_covered": 0.0, "percent_statements_covered_display": "0"}, "missing_lines": [62, 63, 64, 66], "excluded_lines": []}, "": {"executed_lines": [1, 5, 6, 7, 8, 10, 28, 42, 49], "summary": {"covered_lines": 8, "num_statements": 8, "percent_covered": 100.0, "percent_covered_display": "100", "missing_lines": 0, "excluded_lines": 0, "percent_statements_covered": 100.0, "percent_statements_covered_display": "100"}, "missing_lines": [], "excluded_lines": []}}, "classes": {"": {"executed_lines": [1, 5, 6, 7, 8, 10, 28, 42, 49], "summary": {"covered_lines": 8, "num_statements": 12, "percent_covered": 66.66666666666667, "percent_covered_display": "67", "missing_lines": 4, "excluded_lines": 0, "percent_statements_covered": 66.66666666666667, "percent_statements_covered_display": "67"}, "missing_lines": [62, 63, 64, 66], "excluded_lines": []}}}, "app/main.py": {"executed_lines": [1, 5, 6, 7, 8, 9, 10, 12, 13, 14, 15, 16, 17, 20, 21, 40, 51, 60, 63, 64, 67, 68, 77, 78, 91], "summary": {"covered_lines": 24, "num_statements": 31, "percent_covered": 77.41935483870968, "percent_covered_display": "77", "missing_lines": 7, "excluded_lines": 0, "percent_statements_covered": 77.41935483870968, "percent_statements_covered_display": "77"}, "missing_lines": [27, 28, 29, 31, 34, 70, 80], "excluded_lines": [], "functions": {"lifespan": {"executed_lines": [], "summary": {"covered_lines": 0, "num_statements": 5, "percent_covered": 0.0, "percent_covered_display": "0", "missing_lines": 5, "excluded_lines": 0, "percent_statements_covered": 0.0, "percent_statements_covered_display": "0"}, "missing_lines": [27, 28, 29, 31, 34], "excluded_lines": []}, "root": {"executed_lines": [], "summary": {"covered_lines": 0, "num_statements": 1, "percent_covered": 0.0, "percent_covered_display": "0", "missing_lines": 1, "excluded_lines": 0, "percent_statements_covered": 0.0, "percent_statements_covered_display": "0"}, "missing_lines": [70], "excluded_lines": []}, "health_check": {"executed_lines": [], "summary": {"covered_lines": 0, "num_statements": 1, "percent_covered": 0.0, "percent_covered_display": "0", "missing_lines": 1, "excluded_lines": 0, "percent_statements_covered": 0.0, "percent_statements_covered_display": "0"}, "missing_lines": [80], "excluded_lines": []}, "": {"executed_lines": [1, 5, 6, 7, 8, 9, 10, 12, 13, 14, 15, 16, 17, 20, 21, 40, 51, 60, 63, 64, 67, 68, 77, 78, 91], "summary": {"covered_lines": 24, "num_statements": 24, "percent_covered": 100.0, "percent_covered_display": "100", "missing_lines": 0, "excluded_lines": 0, "percent_statements_covered": 100.0, "percent_statements_covered_display": "100"}, "missing_lines": [], "excluded_lines": []}}, "classes": {"": {"executed_lines": [1, 5, 6, 7, 8, 9, 10, 12, 13, 14, 15, 16, 17, 20, 21, 40, 51, 60, 63, 64, 67, 68, 77, 78, 91], "summary": {"covered_lines": 24, "num_statements": 31, "percent_covered": 77.41935483870968, "percent_covered_display": "77", "missing_lines": 7, "excluded_lines": 0, "percent_statements_covered": 77.41935483870968, "percent_statements_covered_display": "77"}, "missing_lines": [27, 28, 29, 31, 34, 70, 80], "excluded_lines": []}}}, "app/middleware/__init__.py": {"executed_lines": [1], "summary": {"covered_lines": 0, "num_statements": 0, "percent_covered": 100.0, "percent_covered_display": "100", "missing_lines": 0, "excluded_lines": 0, "percent_statements_covered": 100.0, "percent_statements_covered_display": "100"}, "missing_lines": [], "excluded_lines": [], "functions": {"": {"executed_lines": [1], "summary": {"covered_lines": 0, "num_statements": 0, "percent_covered": 100.0, "percent_covered_display": "100", "missing_lines": 0, "excluded_lines": 0, "percent_statements_covered": 100.0, "percent_statements_covered_display": "100"}, "missing_lines": [], "excluded_lines": []}}, "classes": {"": {"executed_lines": [1], "summary": {"covered_lines": 0, "num_statements": 0, "percent_covered": 100.0, "percent_covered_display": "100", "missing_lines": 0, "excluded_lines": 0, "percent_statements_covered": 100.0, "percent_statements_covered_display": "100"}, "missing_lines": [], "excluded_lines": []}}}, "app/middleware/security_headers.py": {"executed_lines": [1, 5, 6, 7, 8, 11, 12, 24, 26, 30, 35, 46, 49, 52, 55, 58, 61, 62, 63, 64, 66], "summary": {"covered_lines": 19, "num_statements": 19, "percent_covered": 100.0, "percent_covered_display": "100", "missing_lines": 0, "excluded_lines": 0, "percent_statements_covered": 100.0, "percent_statements_covered_display": "100"}, "missing_lines": [], "excluded_lines": [], "functions": {"SecurityHeadersMiddleware.dispatch": {"executed_lines": [26, 30, 35, 46, 49, 52, 55, 58, 61, 62, 63, 64, 66], "summary": {"covered_lines": 13, "num_statements": 13, "percent_covered": 100.0, "percent_covered_display": "100", "missing_lines": 0, "excluded_lines": 0, "percent_statements_covered": 100.0, "percent_statements_covered_display": "100"}, "missing_lines": [], "excluded_lines": []}, "": {"executed_lines": [1, 5, 6, 7, 8, 11, 12, 24], "summary": {"covered_lines": 6, "num_statements": 6, "percent_covered": 100.0, "percent_covered_display": "100", "missing_lines": 0, "excluded_lines": 0, "percent_statements_covered": 100.0, "percent_statements_covered_display": "100"}, "missing_lines": [], "excluded_lines": []}}, "classes": {"SecurityHeadersMiddleware": {"executed_lines": [26, 30, 35, 46, 49, 52, 55, 58, 61, 62, 63, 64, 66], "summary": {"covered_lines": 13, "num_statements": 13, "percent_covered": 100.0, "percent_covered_display": "100", "missing_lines": 0, "excluded_lines": 0, "percent_statements_covered": 100.0, "percent_statements_covered_display": "100"}, "missing_lines": [], "excluded_lines": []}, "": {"executed_lines": [1, 5, 6, 7, 8, 11, 12, 24], "summary": {"covered_lines": 6, "num_statements": 6, "percent_covered": 100.0, "percent_covered_display": "100", "missing_lines": 0, "excluded_lines": 0, "percent_statements_covered": 100.0, "percent_statements_covered_display": "100"}, "missing_lines": [], "excluded_lines": []}}}, "app/models/__init__.py": {"executed_lines": [2, 3, 4, 5, 6, 7, 9], "summary": {"covered_lines": 7, "num_statements": 7, "percent_covered": 100.0, "percent_covered_display": "100", "missing_lines": 0, "excluded_lines": 0, "percent_statements_covered": 100.0, "percent_statements_covered_display": "100"}, "missing_lines": [], "excluded_lines": [], "functions": {"": {"executed_lines": [2, 3, 4, 5, 6, 7, 9], "summary": {"covered_lines": 7, "num_statements": 7, "percent_covered": 100.0, "percent_covered_display": "100", "missing_lines": 0, "excluded_lines": 0, "percent_statements_covered": 100.0, "percent_statements_covered_display": "100"}, "missing_lines": [], "excluded_lines": []}}, "classes": {"": {"executed_lines": [2, 3, 4, 5, 6, 7, 9], "summary": {"covered_lines": 7, "num_statements": 7, "percent_covered": 100.0, "percent_covered_display": "100", "missing_lines": 0, "excluded_lines": 0, "percent_statements_covered": 100.0, "percent_statements_covered_display": "100"}, "missing_lines": [], "excluded_lines": []}}}, "app/models/base.py": {"executed_lines": [1, 4, 6], "summary": {"covered_lines": 2, "num_statements": 2, "percent_covered": 100.0, "percent_covered_display": "100", "missing_lines": 0, "excluded_lines": 0, "percent_statements_covered": 100.0, "percent_statements_covered_display": "100"}, "missing_lines": [], "excluded_lines": [], "functions": {"": {"executed_lines": [1, 4, 6], "summary": {"covered_lines": 2, "num_statements": 2, "percent_covered": 100.0, "percent_covered_display": "100", "missing_lines": 0, "excluded_lines": 0, "percent_statements_covered": 100.0, "percent_statements_covered_display": "100"}, "missing_lines": [], "excluded_lines": []}}, "classes": {"": {"executed_lines": [1, 4, 6], "summary": {"covered_lines": 2, "num_statements": 2, "percent_covered": 100.0, "percent_covered_display": "100", "missing_lines": 0, "excluded_lines": 0, "percent_statements_covered": 100.0, "percent_statements_covered_display": "100"}, "missing_lines": [], "excluded_lines": []}}}, "app/models/order.py": {"executed_lines": [1, 2, 3, 4, 5, 8, 9, 13, 15, 18, 19, 20, 21, 24, 25, 28, 29, 30, 31, 32, 33, 34, 35, 38, 39, 42, 43, 44, 46], "summary": {"covered_lines": 28, "num_statements": 29, "percent_covered": 96.55172413793103, "percent_covered_display": "97", "missing_lines": 1, "excluded_lines": 0, "percent_statements_covered": 96.55172413793103, "percent_statements_covered_display": "97"}, "missing_lines": [47], "excluded_lines": [], "functions": {"Order.__repr__": {"executed_lines": [], "summary": {"covered_lines": 0, "num_statements": 1, "percent_covered": 0.0, "percent_covered_display": "0", "missing_lines": 1, "excluded_lines": 0, "percent_statements_covered": 0.0, "percent_statements_covered_display": "0"}, "missing_lines": [47], "excluded_lines": []}, "": {"executed_lines": [1, 2, 3, 4, 5, 8, 9, 13, 15, 18, 19, 20, 21, 24, 25, 28, 29, 30, 31, 32, 33, 34, 35, 38, 39, 42, 43, 44, 46], "summary": {"covered_lines": 28, "num_statements": 28, "percent_covered": 100.0, "percent_covered_display": "100", "missing_lines": 0, "excluded_lines": 0, "percent_statements_covered": 100.0, "percent_statements_covered_display": "100"}, "missing_lines": [], "excluded_lines": []}}, "classes": {"Order": {"executed_lines": [], "summary": {"covered_lines": 0, "num_statements": 1, "percent_covered": 0.0, "percent_covered_display": "0", "missing_lines": 1, "excluded_lines": 0, "percent_statements_covered": 0.0, "percent_statements_covered_display": "0"}, "missing_lines": [47], "excluded_lines": []}, "": {"executed_lines": [1, 2, 3, 4, 5, 8, 9, 13, 15, 18, 19, 20, 21, 24, 25, 28, 29, 30, 31, 32, 33, 34, 35, 38, 39, 42, 43, 44, 46], "summary": {"covered_lines": 28, "num_statements": 28, "percent_covered": 100.0, "percent_covered_display": "100", "missing_lines": 0, "excluded_lines": 0, "percent_statements_covered": 100.0, "percent_statements_covered_display": "100"}, "missing_lines": [], "excluded_lines": []}}}, "app/models/scan.py": {"executed_lines": [1, 5, 6, 7, 8, 10, 13, 14, 15, 16, 17, 18, 21, 22, 23, 24, 25, 26, 29, 30, 32, 33, 34, 36, 37, 39, 44, 46, 47, 50, 51, 52, 54], "summary": {"covered_lines": 30, "num_statements": 31, "percent_covered": 96.7741935483871, "percent_covered_display": "97", "missing_lines": 1, "excluded_lines": 0, "percent_statements_covered": 96.7741935483871, "percent_statements_covered_display": "97"}, "missing_lines": [55], "excluded_lines": [], "functions": {"Scan.__repr__": {"executed_lines": [], "summary": {"covered_lines": 0, "num_statements": 1, "percent_covered": 0.0, "percent_covered_display": "0", "missing_lines": 1, "excluded_lines": 0, "percent_statements_covered": 0.0, "percent_statements_covered_display": "0"}, "missing_lines": [55], "excluded_lines": []}, "": {"executed_lines": [1, 5, 6, 7, 8, 10, 13, 14, 15, 16, 17, 18, 21, 22, 23, 24, 25, 26, 29, 30, 32, 33, 34, 36, 37, 39, 44, 46, 47, 50, 51, 52, 54], "summary": {"covered_lines": 30, "num_statements": 30, "percent_covered": 100.0, "percent_covered_display": "100", "missing_lines": 0, "excluded_lines": 0, "percent_statements_covered": 100.0, "percent_statements_covered_display": "100"}, "missing_lines": [], "excluded_lines": []}}, "classes": {"RiskLevel": {"executed_lines": [], "summary": {"covered_lines": 0, "num_statements": 0, "percent_covered": 100.0, "percent_covered_display": "100", "missing_lines": 0, "excluded_lines": 0, "percent_statements_covered": 100.0, "percent_statements_covered_display": "100"}, "missing_lines": [], "excluded_lines": []}, "ScanStatus": {"executed_lines": [], "summary": {"covered_lines": 0, "num_statements": 0, "percent_covered": 100.0, "percent_covered_display": "100", "missing_lines": 0, "excluded_lines": 0, "percent_statements_covered": 100.0, "percent_statements_covered_display": "100"}, "missing_lines": [], "excluded_lines": []}, "Scan": {"executed_lines": [], "summary": {"covered_lines": 0, "num_statements": 1, "percent_covered": 0.0, "percent_covered_display": "0", "missing_lines": 1, "excluded_lines": 0, "percent_statements_covered": 0.0, "percent_statements_covered_display": "0"}, "missing_lines": [55], "excluded_lines": []}, "": {"executed_lines": [1, 5, 6, 7, 8, 10, 13, 14, 15, 16, 17, 18, 21, 22, 23, 24, 25, 26, 29, 30, 32, 33, 34, 36, 37, 39, 44, 46, 47, 50, 51, 52, 54], "summary": {"covered_lines": 30, "num_statements": 30, "percent_covered": 100.0, "percent_covered_display": "100", "missing_lines": 0, "excluded_lines": 0, "percent_statements_covered": 100.0, "percent_statements_covered_display": "100"}, "missing_lines": [], "excluded_lines": []}}}, "app/models/scan_result.py": {"executed_lines": [1, 5, 6, 7, 9, 12, 13, 14, 15, 16, 17, 18, 21, 22, 23, 24, 25, 26, 27, 28, 31, 32, 34, 35, 37, 38, 40, 41, 43, 44, 45, 48, 50], "summary": {"covered_lines": 30, "num_statements": 31, "percent_covered": 96.7741935483871, "percent_covered_display": "97", "missing_lines": 1, "excluded_lines": 0, "percent_statements_covered": 96.7741935483871, "percent_statements_covered_display": "97"}, "missing_lines": [51], "excluded_lines": [], "functions": {"ScanResult.__repr__": {"executed_lines": [], "summary": {"covered_lines": 0, "num_statements": 1, "percent_covered": 0.0, "percent_covered_display": "0", "missing_lines": 1, "excluded_lines": 0, "percent_statements_covered": 0.0, "percent_statements_covered_display": "0"}, "missing_lines": [51], "excluded_lines": []}, "": {"executed_lines": [1, 5, 6, 7, 9, 12, 13, 14, 15, 16, 17, 18, 21, 22, 23, 24, 25, 26, 27, 28, 31, 32, 34, 35, 37, 38, 40, 41, 43, 44, 45, 48, 50], "summary": {"covered_lines": 30, "num_statements": 30, "percent_covered": 100.0, "percent_covered_display": "100", "missing_lines": 0, "excluded_lines": 0, "percent_statements_covered": 100.0, "percent_statements_covered_display": "100"}, "missing_lines": [], "excluded_lines": []}}, "classes": {"Severity": {"executed_lines": [], "summary": {"covered_lines": 0, "num_statements": 0, "percent_covered": 100.0, "percent_covered_display": "100", "missing_lines": 0, "excluded_lines": 0, "percent_statements_covered": 100.0, "percent_statements_covered_display": "100"}, "missing_lines": [], "excluded_lines": []}, "IssueType": {"executed_lines": [], "summary": {"covered_lines": 0, "num_statements": 0, "percent_covered": 100.0, "percent_covered_display": "100", "missing_lines": 0, "excluded_lines": 0, "percent_statements_covered": 100.0, "percent_statements_covered_display": "100"}, "missing_lines": [], "excluded_lines": []}, "ScanResult": {"executed_lines": [], "summary": {"covered_lines": 0, "num_statements": 1, "percent_covered": 0.0, "percent_covered_display": "0", "missing_lines": 1, "excluded_lines": 0, "percent_statements_covered": 0.0, "percent_statements_covered_display": "0"}, "missing_lines": [51], "excluded_lines": []}, "": {"executed_lines": [1, 5, 6, 7, 9, 12, 13, 14, 15, 16, 17, 18, 21, 22, 23, 24, 25, 26, 27, 28, 31, 32, 34, 35, 37, 38, 40, 41, 43, 44, 45, 48, 50], "summary": {"covered_lines": 30, "num_statements": 30, "percent_covered": 100.0, "percent_covered_display": "100", "missing_lines": 0, "excluded_lines": 0, "percent_statements_covered": 100.0, "percent_statements_covered_display": "100"}, "missing_lines": [], "excluded_lines": []}}}, "app/models/site.py": {"executed_lines": [1, 5, 6, 7, 9, 12, 13, 15, 16, 17, 18, 19, 20, 21, 24, 25, 27], "summary": {"covered_lines": 16, "num_statements": 17, "percent_covered": 94.11764705882354, "percent_covered_display": "94", "missing_lines": 1, "excluded_lines": 0, "percent_statements_covered": 94.11764705882354, "percent_statements_covered_display": "94"}, "missing_lines": [28], "excluded_lines": [], "functions": {"Site.__repr__": {"executed_lines": [], "summary": {"covered_lines": 0, "num_statements": 1, "percent_covered": 0.0, "percent_covered_display": "0", "missing_lines": 1, "excluded_lines": 0, "percent_statements_covered": 0.0, "percent_statements_covered_display": "0"}, "missing_lines": [28], "excluded_lines": []}, "": {"executed_lines": [1, 5, 6, 7, 9, 12, 13, 15, 16, 17, 18, 19, 20, 21, 24, 25, 27], "summary": {"covered_lines": 16, "num_statements": 16, "percent_covered": 100.0, "percent_covered_display": "100", "missing_lines": 0, "excluded_lines": 0, "percent_statements_covered": 100.0, "percent_statements_covered_display": "100"}, "missing_lines": [], "excluded_lines": []}}, "classes": {"Site": {"executed_lines": [], "summary": {"covered_lines": 0, "num_statements": 1, "percent_covered": 0.0, "percent_covered_display": "0", "missing_lines": 1, "excluded_lines": 0, "percent_statements_covered": 0.0, "percent_statements_covered_display": "0"}, "missing_lines": [28], "excluded_lines": []}, "": {"executed_lines": [1, 5, 6, 7, 9, 12, 13, 15, 16, 17, 18, 19, 20, 21, 24, 25, 27], "summary": {"covered_lines": 16, "num_statements": 16, "percent_covered": 100.0, "percent_covered_display": "100", "missing_lines": 0, "excluded_lines": 0, "percent_statements_covered": 100.0, "percent_statements_covered_display": "100"}, "missing_lines": [], "excluded_lines": []}}}, "app/models/user.py": {"executed_lines": [1, 5, 6, 7, 8, 9, 11, 14, 15, 16, 18, 19, 20, 21, 24, 25, 27, 28, 29, 30, 31, 32, 33, 34, 35, 36, 39, 40, 41, 44, 45, 46, 48, 49, 52, 53, 55], "summary": {"covered_lines": 36, "num_statements": 37, "percent_covered": 97.29729729729729, "percent_covered_display": "97", "missing_lines": 1, "excluded_lines": 0, "percent_statements_covered": 97.29729729729729, "percent_statements_covered_display": "97"}, "missing_lines": [56], "excluded_lines": [], "functions": {"User.__repr__": {"executed_lines": [], "summary": {"covered_lines": 0, "num_statements": 1, "percent_covered": 0.0, "percent_covered_display": "0", "missing_lines": 1, "excluded_lines": 0, "percent_statements_covered": 0.0, "percent_statements_covered_display": "0"}, "missing_lines": [56], "excluded_lines": []}, "": {"executed_lines": [1, 5, 6, 7, 8, 9, 11, 14, 15, 16, 18, 19, 20, 21, 24, 25, 27, 28, 29, 30, 31, 32, 33, 34, 35, 36, 39, 40, 41, 44, 45, 46, 48, 49, 52, 53, 55], "summary": {"covered_lines": 36, "num_statements": 36, "percent_covered": 100.0, "percent_covered_display": "100", "missing_lines": 0, "excluded_lines": 0, "percent_statements_covered": 100.0, "percent_statements_covered_display": "100"}, "missing_lines": [], "excluded_lines": []}}, "classes": {"UserPlan": {"executed_lines": [], "summary": {"covered_lines": 0, "num_statements": 0, "percent_covered": 100.0, "percent_covered_display": "100", "missing_lines": 0, "excluded_lines": 0, "percent_statements_covered": 100.0, "percent_statements_covered_display": "100"}, "missing_lines": [], "excluded_lines": []}, "SubscriptionStatus": {"executed_lines": [], "summary": {"covered_lines": 0, "num_statements": 0, "percent_covered": 100.0, "percent_covered_display": "100", "missing_lines": 0, "excluded_lines": 0, "percent_statements_covered": 100.0, "percent_statements_covered_display": "100"}, "missing_lines": [], "excluded_lines": []}, "User": {"executed_lines": [], "summary": {"covered_lines": 0, "num_statements": 1, "percent_covered": 0.0, "percent_covered_display": "0", "missing_lines": 1, "excluded_lines": 0, "percent_statements_covered": 0.0, "percent_statements_covered_display": "0"}, "missing_lines": [56], "excluded_lines": []}, "": {"executed_lines": [1, 5, 6, 7, 8, 9, 11, 14, 15, 16, 18, 19, 20, 21, 24, 25, 27, 28, 29, 30, 31, 32, 33, 34, 35, 36, 39, 40, 41, 44, 45, 46, 48, 49, 52, 53, 55], "summary": {"covered_lines": 36, "num_statements": 36, "percent_covered": 100.0, "percent_covered_display": "100", "missing_lines": 0, "excluded_lines": 0, "percent_statements_covered": 100.0, "percent_statements_covered_display": "100"}, "missing_lines": [], "excluded_lines": []}}}, "app/schemas/__init__.py": {"executed_lines": [2, 3, 4, 6], "summary": {"covered_lines": 4, "num_statements": 4, "percent_covered": 100.0, "percent_covered_display": "100", "missing_lines": 0, "excluded_lines": 0, "percent_statements_covered": 100.0, "percent_statements_covered_display": "100"}, "missing_lines": [], "excluded_lines": [], "functions": {"": {"executed_lines": [2, 3, 4, 6], "summary": {"covered_lines": 4, "num_statements": 4, "percent_covered": 100.0, "percent_covered_display": "100", "missing_lines": 0, "excluded_lines": 0, "percent_statements_covered": 100.0, "percent_statements_covered_display": "100"}, "missing_lines": [], "excluded_lines": []}}, "classes": {"": {"executed_lines": [2, 3, 4, 6], "summary": {"covered_lines": 4, "num_statements": 4, "percent_covered": 100.0, "percent_covered_display": "100", "missing_lines": 0, "excluded_lines": 0, "percent_statements_covered": 100.0, "percent_statements_covered_display": "100"}, "missing_lines": [], "excluded_lines": []}}}, "app/schemas/order.py": {"executed_lines": [1, 2, 3, 4, 7, 8, 9, 10, 11, 12, 13, 14, 15, 16, 17, 18, 19, 22, 23, 24, 25, 26, 27, 30, 31, 32, 33, 34, 35, 36, 37, 38, 39, 40, 41, 42, 43, 44, 45, 46, 47, 48, 49, 50, 52, 53, 56, 57, 58, 59, 60, 61], "summary": {"covered_lines": 48, "num_statements": 48, "percent_covered": 100.0, "percent_covered_display": "100", "missing_lines": 0, "excluded_lines": 0, "percent_statements_covered": 100.0, "percent_statements_covered_display": "100"}, "missing_lines": [], "excluded_lines": [], "functions": {"": {"executed_lines": [1, 2, 3, 4, 7, 8, 9, 10, 11, 12, 13, 14, 15, 16, 17, 18, 19, 22, 23, 24, 25, 26, 27, 30, 31, 32, 33, 34, 35, 36, 37, 38, 39, 40, 41, 42, 43, 44, 45, 46, 47, 48, 49, 50, 52, 53, 56, 57, 58, 59, 60, 61], "summary": {"covered_lines": 48, "num_statements": 48, "percent_covered": 100.0, "percent_covered_display": "100", "missing_lines": 0, "excluded_lines": 0, "percent_statements_covered": 100.0, "percent_statements_covered_display": "100"}, "missing_lines": [], "excluded_lines": []}}, "classes": {"OrderCreate": {"executed_lines": [], "summary": {"covered_lines": 0, "num_statements": 0, "percent_covered": 100.0, "percent_covered_display": "100", "missing_lines": 0, "excluded_lines": 0, "percent_statements_covered": 100.0, "percent_statements_covered_display": "100"}, "missing_lines": [], "excluded_lines": []}, "OrderUpdate": {"executed_lines": [], "summary": {"covered_lines": 0, "num_statements": 0, "percent_covered": 100.0, "percent_covered_display": "100", "missing_lines": 0, "excluded_lines": 0, "percent_statements_covered": 100.0, "percent_statements_covered_display": "100"}, "missing_lines": [], "excluded_lines": []}, "OrderResponse": {"executed_lines": [], "summary": {"covered_lines": 0, "num_statements": 0, "percent_covered": 100.0, "percent_covered_display": "100", "missing_lines": 0, "excluded_lines": 0, "percent_statements_covered": 100.0, "percent_statements_covered_display": "100"}, "missing_lines": [], "excluded_lines": []}, "OrderResponse.Config": {"executed_lines": [], "summary": {"covered_lines": 0, "num_statements": 0, "percent_covered": 100.0, "percent_covered_display": "100", "missing_lines": 0, "excluded_lines": 0, "percent_statements_covered": 100.0, "percent_statements_covered_display": "100"}, "missing_lines": [], "excluded_lines": []}, "OrderListResponse": {"executed_lines": [], "summary": {"covered_lines": 0, "num_statements": 0, "percent_covered": 100.0, "percent_covered_display": "100", "missing_lines": 0, "excluded_lines": 0, "percent_statements_covered": 100.0, "percent_statements_covered_display": "100"}, "missing_lines": [], "excluded_lines": []}, "": {"executed_lines": [1, 2, 3, 4, 7, 8, 9, 10, 11, 12, 13, 14, 15, 16, 17, 18, 19, 22, 23, 24, 25, 26, 27, 30, 31, 32, 33, 34, 35, 36, 37, 38, 39, 40, 41, 42, 43, 44, 45, 46, 47, 48, 49, 50, 52, 53, 56, 57, 58, 59, 60, 61], "summary": {"covered_lines": 48, "num_statements": 48, "percent_covered": 100.0, "percent_covered_display": "100", "missing_lines": 0, "excluded_lines": 0, "percent_statements_covered": 100.0, "percent_statements_covered_display": "100"}, "missing_lines": [], "excluded_lines": []}}}, "app/schemas/scan.py": {"executed_lines": [1, 5, 6, 7, 8, 9, 12, 13, 14, 15, 16, 19, 20, 21, 22, 23, 24, 25, 26, 27, 28, 29, 31, 32, 35, 36, 37, 38, 39, 40, 41, 42, 43, 44, 45, 46, 48, 49], "summary": {"covered_lines": 34, "num_statements": 34, "percent_covered": 100.0, "percent_covered_display": "100", "missing_lines": 0, "excluded_lines": 0, "percent_statements_covered": 100.0, "percent_statements_covered_display": "100"}, "missing_lines": [], "excluded_lines": [], "functions": {"": {"executed_lines": [1, 5, 6, 7, 8, 9, 12, 13, 14, 15, 16, 19, 20, 21, 22, 23, 24, 25, 26, 27, 28, 29, 31, 32, 35, 36, 37, 38, 39, 40, 41, 42, 43, 44, 45, 46, 48, 49], "summary": {"covered_lines": 34, "num_statements": 34, "percent_covered": 100.0, "percent_covered_display": "100", "missing_lines": 0, "excluded_lines": 0, "percent_statements_covered": 100.0, "percent_statements_covered_display": "100"}, "missing_lines": [], "excluded_lines": []}}, "classes": {"ScanCreate": {"executed_lines": [], "summary": {"covered_lines": 0, "num_statements": 0, "percent_covered": 100.0, "percent_covered_display": "100", "missing_lines": 0, "excluded_lines": 0, "percent_statements_covered": 100.0, "percent_statements_covered_display": "100"}, "missing_lines": [], "excluded_lines": []}, "ScanResultResponse": {"executed_lines": [], "summary": {"covered_lines": 0, "num_statements": 0, "percent_covered": 100.0, "percent_covered_display": "100", "missing_lines": 0, "excluded_lines": 0, "percent_statements_covered": 100.0, "percent_statements_covered_display": "100"}, "missing_lines": [], "excluded_lines": []}, "ScanResultResponse.Config": {"executed_lines": [], "summary": {"covered_lines": 0, "num_statements": 0, "percent_covered": 100.0, "percent_covered_display": "100", "missing_lines": 0, "excluded_lines": 0, "percent_statements_covered": 100.0, "percent_statements_covered_display": "100"}, "missing_lines": [], "excluded_lines": []}, "ScanResponse": {"executed_lines": [], "summary": {"covered_lines": 0, "num_statements": 0, "percent_covered": 100.0, "percent_covered_display": "100", "missing_lines": 0, "excluded_lines": 0, "percent_statements_covered": 100.0, "percent_statements_covered_display": "100"}, "missing_lines": [], "excluded_lines": []}, "ScanResponse.Config": {"executed_lines": [], "summary": {"covered_lines": 0, "num_statements": 0, "percent_covered": 100.0, "percent_covered_display": "100", "missing_lines": 0, "excluded_lines": 0, "percent_statements_covered": 100.0, "percent_statements_covered_display": "100"}, "missing_lines": [], "excluded_lines": []}, "": {"executed_lines": [1, 5, 6, 7, 8, 9, 12, 13, 14, 15, 16, 19, 20, 21, 22, 23, 24, 25, 26, 27, 28, 29, 31, 32, 35, 36, 37, 38, 39, 40, 41, 42, 43, 44, 45, 46, 48, 49], "summary": {"covered_lines": 34, "num_statements": 34, "percent_covered": 100.0, "percent_covered_display": "100", "missing_lines": 0, "excluded_lines": 0, "percent_statements_covered": 100.0, "percent_statements_covered_display": "100"}, "missing_lines": [], "excluded_lines": []}}}, "app/schemas/site.py": {"executed_lines": [1, 5, 6, 7, 10, 11, 12, 13, 14, 17, 18, 19, 22, 23, 24, 25, 26, 29, 30, 31, 32, 33, 34, 36, 37], "summary": {"covered_lines": 20, "num_statements": 20, "percent_covered": 100.0, "percent_covered_display": "100", "missing_lines": 0, "excluded_lines": 0, "percent_statements_covered": 100.0, "percent_statements_covered_display": "100"}, "missing_lines": [], "excluded_lines": [], "functions": {"": {"executed_lines": [1, 5, 6, 7, 10, 11, 12, 13, 14, 17, 18, 19, 22, 23, 24, 25, 26, 29, 30, 31, 32, 33, 34, 36, 37], "summary": {"covered_lines": 20, "num_statements": 20, "percent_covered": 100.0, "percent_covered_display": "100", "missing_lines": 0, "excluded_lines": 0, "percent_statements_covered": 100.0, "percent_statements_covered_display": "100"}, "missing_lines": [], "excluded_lines": []}}, "classes": {"SiteBase": {"executed_lines": [], "summary": {"covered_lines": 0, "num_statements": 0, "percent_covered": 100.0, "percent_covered_display": "100", "missing_lines": 0, "excluded_lines": 0, "percent_statements_covered": 100.0, "percent_statements_covered_display": "100"}, "missing_lines": [], "excluded_lines": []}, "SiteCreate": {"executed_lines": [], "summary": {"covered_lines": 0, "num_statements": 0, "percent_covered": 100.0, "percent_covered_display": "100", "missing_lines": 0, "excluded_lines": 0, "percent_statements_covered": 100.0, "percent_statements_covered_display": "100"}, "missing_lines": [], "excluded_lines": []}, "SiteUpdate": {"executed_lines": [], "summary": {"covered_lines": 0, "num_statements": 0, "percent_covered": 100.0, "percent_covered_display": "100", "missing_lines": 0, "excluded_lines": 0, "percent_statements_covered": 100.0, "percent_statements_covered_display": "100"}, "missing_lines": [], "excluded_lines": []}, "SiteResponse": {"executed_lines": [], "summary": {"covered_lines": 0, "num_statements": 0, "percent_covered": 100.0, "percent_covered_display": "100", "missing_lines": 0, "excluded_lines": 0, "percent_statements_covered": 100.0, "percent_statements_covered_display": "100"}, "missing_lines": [], "excluded_lines": []}, "SiteResponse.Config": {"executed_lines": [], "summary": {"covered_lines": 0, "num_statements": 0, "percent_covered": 100.0, "percent_covered_display": "100", "missing_lines": 0, "excluded_lines": 0, "percent_statements_covered": 100.0, "percent_statements_covered_display": "100"}, "missing_lines": [], "excluded_lines": []}, "": {"executed_lines": [1, 5, 6, 7, 10, 11, 12, 13, 14, 17, 18, 19, 22, 23, 24, 25, 26, 29, 30, 31, 32, 33, 34, 36, 37], "summary": {"covered_lines": 20, "num_statements": 20, "percent_covered": 100.0, "percent_covered_display": "100", "missing_lines": 0, "excluded_lines": 0, "percent_statements_covered": 100.0, "percent_statements_covered_display": "100"}, "missing_lines": [], "excluded_lines": []}}}, "app/schemas/user.py": {"executed_lines": [1, 5, 6, 7, 9, 10, 13, 14, 15, 18, 19, 20, 21, 22, 24, 25, 26, 33, 34, 35, 42, 43, 44, 47, 48, 49, 50, 51, 52, 53, 54, 56, 57, 60, 61, 62, 63, 65, 66, 67, 74, 75, 76, 77, 78, 80, 81, 82, 89, 90, 91, 92, 94, 95, 96, 104, 105, 106, 109, 110, 111, 112, 114, 115, 116, 124, 125, 126, 127, 130, 131, 132, 135, 136, 137, 138], "summary": {"covered_lines": 63, "num_statements": 84, "percent_covered": 75.0, "percent_covered_display": "75", "missing_lines": 21, "excluded_lines": 0, "percent_statements_covered": 75.0, "percent_statements_covered_display": "75"}, "missing_lines": [28, 29, 30, 31, 37, 38, 39, 69, 70, 71, 84, 85, 86, 98, 99, 100, 101, 118, 119, 120, 121], "excluded_lines": [], "functions": {"UserCreate.validate_password": {"executed_lines": [], "summary": {"covered_lines": 0, "num_statements": 4, "percent_covered": 0.0, "percent_covered_display": "0", "missing_lines": 4, "excluded_lines": 0, "percent_statements_covered": 0.0, "percent_statements_covered_display": "0"}, "missing_lines": [28, 29, 30, 31], "excluded_lines": []}, "UserCreate.sanitize_text_fields": {"executed_lines": [], "summary": {"covered_lines": 0, "num_statements": 3, "percent_covered": 0.0, "percent_covered_display": "0", "missing_lines": 3, "excluded_lines": 0, "percent_statements_covered": 0.0, "percent_statements_covered_display": "0"}, "missing_lines": [37, 38, 39], "excluded_lines": []}, "UserOnboardingUpdate.sanitize_text_fields": {"executed_lines": [], "summary": {"covered_lines": 0, "num_statements": 3, "percent_covered": 0.0, "percent_covered_display": "0", "missing_lines": 3, "excluded_lines": 0, "percent_statements_covered": 0.0, "percent_statements_covered_display": "0"}, "missing_lines": [69, 70, 71], "excluded_lines": []}, "UserProfileUpdate.sanitize_text_fields": {"executed_lines": [], "summary": {"covered_lines": 0, "num_statements": 3, "percent_covered": 0.0, "percent_covered_display": "0", "missing_lines": 3, "excluded_lines": 0, "percent_statements_covered": 0.0, "percent_statements_covered_display": "0"}, "missing_lines": [84, 85, 86], "excluded_lines": []}, "PasswordChange.validate_new_password": {"executed_lines": [], "summary": {"covered_lines": 0, "num_statements": 4, "percent_covered": 0.0, "percent_covered_display": "0", "missing_lines": 4, "excluded_lines": 0, "percent_statements_covered": 0.0, "percent_statements_covered_display": "0"}, "missing_lines": [98, 99, 100, 101], "excluded_lines": []}, "PasswordResetConfirm.validate_new_password": {"executed_lines": [], "summary": {"covered_lines": 0, "num_statements": 4, "percent_covered": 0.0, "percent_covered_display": "0", "missing_lines": 4, "excluded_lines": 0, "percent_statements_covered": 0.0, "percent_statements_covered_display": "0"}, "missing_lines": [118, 119, 120, 121], "excluded_lines": []}, "": {"executed_lines": [1, 5, 6, 7, 9, 10, 13, 14, 15, 18, 19, 20, 21, 22, 24, 25, 26, 33, 34, 35, 42, 43, 44, 47, 48, 49, 50, 51, 52, 53, 54, 56, 57, 60, 61, 62, 63, 65, 66, 67, 74, 75, 76, 77, 78, 80, 81, 82, 89, 90, 91, 92, 94, 95, 96, 104, 105, 106, 109, 110, 111, 112, 114, 115, 116, 124, 125, 126, 127, 130, 131, 132, 135, 136, 137, 138], "summary": {"covered_lines": 63, "num_statements": 63, "percent_covered": 100.0, "percent_covered_display": "100", "missing_lines": 0, "excluded_lines": 0, "percent_statements_covered": 100.0, "percent_statements_covered_display": "100"}, "missing_lines": [], "excluded_lines": []}}, "classes": {"UserBase": {"executed_lines": [], "summary": {"covered_lines": 0, "num_statements": 0, "percent_covered": 100.0, "percent_covered_display": "100", "missing_lines": 0, "excluded_lines": 0, "percent_statements_covered": 100.0, "percent_statements_covered_display": "100"}, "missing_lines": [], "excluded_lines": []}, "UserCreate": {"executed_lines": [], "summary": {"covered_lines": 0, "num_statements": 7, "percent_covered": 0.0, "percent_covered_display": "0", "missing_lines": 7, "excluded_lines": 0, "percent_statements_covered": 0.0, "percent_statements_covered_display": "0"}, "missing_lines": [28, 29, 30, 31, 37, 38, 39], "excluded_lines": []}, "UserLogin": {"executed_lines": [], "summary": {"covered_lines": 0, "num_statements": 0, "percent_covered": 100.0, "percent_covered_display": "100", "missing_lines": 0, "excluded_lines": 0, "percent_statements_covered": 100.0, "percent_statements_covered_display": "100"}, "missing_lines": [], "excluded_lines": []}, "UserResponse": {"executed_lines": [], "summary": {"covered_lines": 0, "num_statements": 0, "percent_covered": 100.0, "percent_covered_display": "100", "missing_lines": 0, "excluded_lines": 0, "percent_statements_covered": 100.0, "percent_statements_covered_display": "100"}, "missing_lines": [], "excluded_lines": []}, "UserResponse.Config": {"executed_lines": [], "summary": {"covered_lines": 0, "num_statements": 0, "percent_covered": 100.0, "percent_covered_display": "100", "missing_lines": 0, "excluded_lines": 0, "percent_statements_covered": 100.0, "percent_statements_covered_display": "100"}, "missing_lines": [], "excluded_lines": []}, "UserOnboardingUpdate": {"executed_lines": [], "summary": {"covered_lines": 0, "num_statements": 3, "percent_covered": 0.0, "percent_covered_display": "0", "missing_lines": 3, "excluded_lines": 0, "percent_statements_covered": 0.0, "percent_statements_covered_display": "0"}, "missing_lines": [69, 70, 71], "excluded_lines": []}, "UserProfileUpdate": {"executed_lines": [], "summary": {"covered_lines": 0, "num_statements": 3, "percent_covered": 0.0, "percent_covered_display": "0", "missing_lines": 3, "excluded_lines": 0, "percent_statements_covered": 0.0, "percent_statements_covered_display": "0"}, "missing_lines": [84, 85, 86], "excluded_lines": []}, "PasswordChange": {"executed_lines": [], "summary": {"covered_lines": 0, "num_statements": 4, "percent_covered": 0.0, "percent_covered_display": "0", "missing_lines": 4, "excluded_lines": 0, "percent_statements_covered": 0.0, "percent_statements_covered_display": "0"}, "missing_lines": [98, 99, 100, 101], "excluded_lines": []}, "PasswordResetRequest": {"executed_lines": [], "summary": {"covered_lines": 0, "num_statements": 0, "percent_covered": 100.0, "percent_covered_display": "100", "missing_lines": 0, "excluded_lines": 0, "percent_statements_covered": 100.0, "percent_statements_covered_display": "100"}, "missing_lines": [], "excluded_lines": []}, "PasswordResetConfirm": {"executed_lines": [], "summary": {"covered_lines": 0, "num_statements": 4, "percent_covered": 0.0, "percent_covered_display": "0", "missing_lines": 4, "excluded_lines": 0, "percent_statements_covered": 0.0, "percent_statements_covered_display": "0"}, "missing_lines": [118, 119, 120, 121], "excluded_lines": []}, "Token": {"executed_lines": [], "summary": {"covered_lines": 0, "num_statements": 0, "percent_covered": 100.0, "percent_covered_display": "100", "missing_lines": 0, "excluded_lines": 0, "percent_statements_covered": 100.0, "percent_statements_covered_display": "100"}, "missing_lines": [], "excluded_lines": []}, "TokenWithUser": {"executed_lines": [], "summary": {"covered_lines": 0, "num_statements": 0, "percent_covered": 100.0, "percent_covered_display": "100", "missing_lines": 0, "excluded_lines": 0, "percent_statements_covered": 100.0, "percent_statements_covered_display": "100"}, "missing_lines": [], "excluded_lines": []}, "TokenData": {"executed_lines": [], "summary": {"covered_lines": 0, "num_statements": 0, "percent_covered": 100.0, "percent_covered_display": "100", "missing_lines": 0, "excluded_lines": 0, "percent_statements_covered": 100.0, "percent_statements_covered_display": "100"}, "missing_lines": [], "excluded_lines": []}, "": {"executed_lines": [1, 5, 6, 7, 9, 10, 13, 14, 15, 18, 19, 20, 21, 22, 24, 25, 26, 33, 34, 35, 42, 43, 44, 47, 48, 49, 50, 51, 52, 53, 54, 56, 57, 60, 61, 62, 63, 65, 66, 67, 74, 75, 76, 77, 78, 80, 81, 82, 89, 90, 91, 92, 94, 95, 96, 104, 105, 106, 109, 110, 111, 112, 114, 115, 116, 124, 125, 126, 127, 130, 131, 132, 135, 136, 137, 138], "summary": {"covered_lines": 63, "num_statements": 63, "percent_covered": 100.0, "percent_covered_display": "100", "missing_lines": 0, "excluded_lines": 0, "percent_statements_covered": 100.0, "percent_statements_covered_display": "100"}, "missing_lines": [], "excluded_lines": []}}}, "app/services/__init__.py": {"executed_lines": [0], "summary": {"covered_lines": 0, "num_statements": 0, "percent_covered": 100.0, "percent_covered_display": "100", "missing_lines": 0, "excluded_lines": 0, "percent_statements_covered": 100.0, "percent_statements_covered_display": "100"}, "missing_lines": [], "excluded_lines": [], "functions": {"": {"execute
[...]
nes": [], "summary": {"covered_lines": 0, "num_statements": 8, "percent_covered": 0.0, "percent_covered_display": "0", "missing_lines": 8, "excluded_lines": 0, "percent_statements_covered": 0.0, "percent_statements_covered_display": "0"}, "missing_lines": [83, 84, 85, 88, 89, 90, 91, 100], "excluded_lines": []}, "": {"executed_lines": [1, 5, 6, 7, 8, 11, 12, 17, 23, 66, 79], "summary": {"covered_lines": 9, "num_statements": 9, "percent_covered": 100.0, "percent_covered_display": "100", "missing_lines": 0, "excluded_lines": 0, "percent_statements_covered": 100.0, "percent_statements_covered_display": "100"}, "missing_lines": [], "excluded_lines": []}}, "classes": {"HybridDeprecationDB": {"executed_lines": [], "summary": {"covered_lines": 0, "num_statements": 28, "percent_covered": 0.0, "percent_covered_display": "0", "missing_lines": 28, "excluded_lines": 0, "percent_statements_covered": 0.0, "percent_statements_covered_display": "0"}, "missing_lines": [18, 19, 21, 38, 39, 40, 43, 46, 47, 48, 49, 50, 54, 56, 58, 60, 63, 64, 76, 77, 83, 84, 85, 88, 89, 90, 91, 100], "excluded_lines": []}, "": {"executed_lines": [1, 5, 6, 7, 8, 11, 12, 17, 23, 66, 79], "summary": {"covered_lines": 9, "num_statements": 9, "percent_covered": 100.0, "percent_covered_display": "100", "missing_lines": 0, "excluded_lines": 0, "percent_statements_covered": 100.0, "percent_statements_covered_display": "100"}, "missing_lines": [], "excluded_lines": []}}}, "app/services/wordpress/mcp_client.py": {"executed_lines": [1, 6, 7, 8, 9, 12, 13, 15, 34, 72, 101], "summary": {"covered_lines": 9, "num_statements": 52, "percent_covered": 17.307692307692307, "percent_covered_display": "17", "missing_lines": 43, "excluded_lines": 0, "percent_statements_covered": 17.307692307692307, "percent_statements_covered_display": "17"}, "missing_lines": [23, 24, 25, 27, 31, 32, 49, 50, 52, 53, 54, 61, 62, 63, 65, 66, 68, 69, 70, 82, 83, 85, 86, 87, 93, 94, 95, 97, 98, 99, 111, 112, 113, 115, 116, 117, 118, 119, 121, 131, 132, 133, 135], "excluded_lines": [], "functions": {"WordPressMCPClient.__init__": {"executed_lines": [], "summary": {"covered_lines": 0, "num_statements": 6, "percent_covered": 0.0, "percent_covered_display": "0", "missing_lines": 6, "excluded_lines": 0, "percent_statements_covered": 0.0, "percent_statements_covered_display": "0"}, "missing_lines": [23, 24, 25, 27, 31, 32], "excluded_lines": []}, "WordPressMCPClient.get_deprecations": {"executed_lines": [], "summary": {"covered_lines": 0, "num_statements": 13, "percent_covered": 0.0, "percent_covered_display": "0", "missing_lines": 13, "excluded_lines": 0, "percent_statements_covered": 0.0, "percent_statements_covered_display": "0"}, "missing_lines": [49, 50, 52, 53, 54, 61, 62, 63, 65, 66, 68, 69, 70], "excluded_lines": []}, "WordPressMCPClient.get_function_info": {"executed_lines": [], "summary": {"covered_lines": 0, "num_statements": 11, "percent_covered": 0.0, "percent_covered_display": "0", "missing_lines": 11, "excluded_lines": 0, "percent_statements_covered": 0.0, "percent_statements_covered_display": "0"}, "missing_lines": [82, 83, 85, 86, 87, 93, 94, 95, 97, 98, 99], "excluded_lines": []}, "WordPressMCPClient._parse_deprecations": {"executed_lines": [], "summary": {"covered_lines": 0, "num_statements": 13, "percent_covered": 0.0, "percent_covered_display": "0", "missing_lines": 13, "excluded_lines": 0, "percent_statements_covered": 0.0, "percent_statements_covered_display": "0"}, "missing_lines": [111, 112, 113, 115, 116, 117, 118, 119, 121, 131, 132, 133, 135], "excluded_lines": []}, "": {"executed_lines": [1, 6, 7, 8, 9, 12, 13, 15, 34, 72, 101], "summary": {"covered_lines": 9, "num_statements": 9, "percent_covered": 100.0, "percent_covered_display": "100", "missing_lines": 0, "excluded_lines": 0, "percent_statements_covered": 100.0, "percent_statements_covered_display": "100"}, "missing_lines": [], "excluded_lines": []}}, "classes": {"WordPressMCPClient": {"executed_lines": [], "summary": {"covered_lines": 0, "num_statements": 43, "percent_covered": 0.0, "percent_covered_display": "0", "missing_lines": 43, "excluded_lines": 0, "percent_statements_covered": 0.0, "percent_statements_covered_display": "0"}, "missing_lines": [23, 24, 25, 27, 31, 32, 49, 50, 52, 53, 54, 61, 62, 63, 65, 66, 68, 69, 70, 82, 83, 85, 86, 87, 93, 94, 95, 97, 98, 99, 111, 112, 113, 115, 116, 117, 118, 119, 121, 131, 132, 133, 135], "excluded_lines": []}, "": {"executed_lines": [1, 6, 7, 8, 9, 12, 13, 15, 34, 72, 101], "summary": {"covered_lines": 9, "num_statements": 9, "percent_covered": 100.0, "percent_covered_display": "100", "missing_lines": 0, "excluded_lines": 0, "percent_statements_covered": 100.0, "percent_statements_covered_display": "100"}, "missing_lines": [], "excluded_lines": []}}}, "app/services/wordpress/scanner.py": {"executed_lines": [1, 5, 6, 7, 8, 9, 10, 11, 12, 13, 16, 17, 23, 24, 25, 28, 29, 31, 61, 123, 184, 237, 254, 299, 377, 412, 448, 467, 490], "summary": {"covered_lines": 27, "num_statements": 201, "percent_covered": 13.432835820895523, "percent_covered_display": "13", "missing_lines": 174, "excluded_lines": 0, "percent_statements_covered": 13.432835820895523, "percent_statements_covered_display": "13"}, "missing_lines": [39, 40, 41, 42, 43, 44, 47, 71, 72, 75, 76, 78, 79, 80, 81, 82, 83, 85, 87, 88, 91, 94, 95, 96, 97, 100, 101, 102, 105, 106, 108, 109, 110, 111, 112, 113, 114, 116, 117, 120, 121, 133, 135, 136, 137, 138, 140, 141, 144, 151, 152, 164, 165, 177, 179, 180, 182, 194, 195, 196, 197, 199, 200, 201, 202, 205, 206, 208, 210, 211, 212, 213, 214, 216, 217, 218, 221, 222, 223, 224, 225, 226, 228, 229, 232, 233, 235, 247, 248, 249, 250, 251, 252, 264, 266, 267, 269, 270, 271, 272, 279, 284, 285, 286, 288, 310, 311, 312, 313, 314, 315, 317, 318, 319, 322, 323, 324, 326, 333, 338, 339, 341, 342, 345, 346, 347, 350, 351, 353, 355, 356, 359, 360, 362, 363, 365, 367, 368, 369, 370, 372, 373, 375, 388, 392, 393, 395, 397, 398, 399, 400, 402, 405, 423, 429, 436, 441, 442, 443, 444, 446, 458, 460, 461, 477, 478, 480, 481, 483, 484, 485, 486, 488, 497], "excluded_lines": [], "functions": {"WordPressScanner.__init__": {"executed_lines": [], "summary": {"covered_lines": 0, "num_statements": 7, "percent_covered": 0.0, "percent_covered_display": "0", "missing_lines": 7, "excluded_lines": 0, "percent_statements_covered": 0.0, "percent_statements_covered_display": "0"}, "missing_lines": [39, 40, 41, 42, 43, 44, 47], "excluded_lines": []}, "WordPressScanner.scan_files": {"executed_lines": [], "summary": {"covered_lines": 0, "num_statements": 34, "percent_covered": 0.0, "percent_covered_display": "0", "missing_lines": 34, "excluded_lines": 0, "percent_statements_covered": 0.0, "percent_statements_covered_display": "0"}, "missing_lines": [71, 72, 75, 76, 78, 79, 80, 81, 82, 83, 85, 87, 88, 91, 94, 95, 96, 97, 100, 101, 102, 105, 106, 108, 109, 110, 111, 112, 113, 114, 116, 117, 120, 121], "excluded_lines": []}, "WordPressScanner._run_static_analysis": {"executed_lines": [], "summary": {"covered_lines": 0, "num_statements": 16, "percent_covered": 0.0, "percent_covered_display": "0", "missing_lines": 16, "excluded_lines": 0, "percent_statements_covered": 0.0, "percent_statements_covered_display": "0"}, "missing_lines": [133, 135, 136, 137, 138, 140, 141, 144, 151, 152, 164, 165, 177, 179, 180, 182], "excluded_lines": []}, "WordPressScanner._batch_files": {"executed_lines": [], "summary": {"covered_lines": 0, "num_statements": 30, "percent_covered": 0.0, "percent_covered_display": "0", "missing_lines": 30, "excluded_lines": 0, "percent_statements_covered": 0.0, "percent_statements_covered_display": "0"}, "missing_lines": [194, 195, 196, 197, 199, 200, 201, 202, 205, 206, 208, 210, 211, 212, 213, 214, 216, 217, 218, 221, 222, 223, 224, 225, 226, 228, 229, 232, 233, 235], "excluded_lines": []}, "WordPressScanner._estimate_tokens_for_file": {"executed_lines": [], "summary": {"covered_lines": 0, "num_statements": 6, "percent_covered": 0.0, "percent_covered_display": "0", "missing_lines": 6, "excluded_lines": 0, "percent_statements_covered": 0.0, "percent_statements_covered_display": "0"}, "missing_lines": [247, 248, 249, 250, 251, 252], "excluded_lines": []}, "WordPressScanner.estimate_total_tokens": {"executed_lines": [], "summary": {"covered_lines": 0, "num_statements": 12, "percent_covered": 0.0, "percent_covered_display": "0", "missing_lines": 12, "excluded_lines": 0, "percent_statements_covered": 0.0, "percent_statements_covered_display": "0"}, "missing_lines": [264, 266, 267, 269, 270, 271, 272, 279, 284, 285, 286, 288], "excluded_lines": []}, "WordPressScanner._scan_batch": {"executed_lines": [], "summary": {"covered_lines": 0, "num_statements": 38, "percent_covered": 0.0, "percent_covered_display": "0", "missing_lines": 38, "excluded_lines": 0, "percent_statements_covered": 0.0, "percent_statements_covered_display": "0"}, "missing_lines": [310, 311, 312, 313, 314, 315, 317, 318, 319, 322, 323, 324, 326, 333, 338, 339, 341, 342, 345, 346, 347, 350, 351, 353, 355, 356, 359, 360, 362, 363, 365, 367, 368, 369, 370, 372, 373, 375], "excluded_lines": []}, "WordPressScanner._analyze_with_claude_batch": {"executed_lines": [], "summary": {"covered_lines": 0, "num_statements": 10, "percent_covered": 0.0, "percent_covered_display": "0", "missing_lines": 10, "excluded_lines": 0, "percent_statements_covered": 0.0, "percent_statements_covered_display": "0"}, "missing_lines": [388, 392, 393, 395, 397, 398, 399, 400, 402, 405], "excluded_lines": []}, "WordPressScanner._build_batch_context": {"executed_lines": [], "summary": {"covered_lines": 0, "num_statements": 8, "percent_covered": 0.0, "percent_covered_display": "0", "missing_lines": 8, "excluded_lines": 0, "percent_statements_covered": 0.0, "percent_statements_covered_display": "0"}, "missing_lines": [423, 429, 436, 441, 442, 443, 444, 446], "excluded_lines": []}, "WordPressScanner.analyze_with_claude": {"executed_lines": [], "summary": {"covered_lines": 0, "num_statements": 3, "percent_covered": 0.0, "percent_covered_display": "0", "missing_lines": 3, "excluded_lines": 0, "percent_statements_covered": 0.0, "percent_statements_covered_display": "0"}, "missing_lines": [458, 460, 461], "excluded_lines": []}, "WordPressScanner.calculate_risk_level": {"executed_lines": [], "summary": {"covered_lines": 0, "num_statements": 9, "percent_covered": 0.0, "percent_covered_display": "0", "missing_lines": 9, "excluded_lines": 0, "percent_statements_covered": 0.0, "percent_statements_covered_display": "0"}, "missing_lines": [477, 478, 480, 481, 483, 484, 485, 486, 488], "excluded_lines": []}, "WordPressScanner.get_stats": {"executed_lines": [], "summary": {"covered_lines": 0, "num_statements": 1, "percent_covered": 0.0, "percent_covered_display": "0", "missing_lines": 1, "excluded_lines": 0, "percent_statements_covered": 0.0, "percent_statements_covered_display": "0"}, "missing_lines": [497], "excluded_lines": []}, "": {"executed_lines": [1, 5, 6, 7, 8, 9, 10, 11, 12, 13, 16, 17, 23, 24, 25, 28, 29, 31, 61, 123, 184, 237, 254, 299, 377, 412, 448, 467, 490], "summary": {"covered_lines": 27, "num_statements": 27, "percent_covered": 100.0, "percent_covered_display": "100", "missing_lines": 0, "excluded_lines": 0, "percent_statements_covered": 100.0, "percent_statements_covered_display": "100"}, "missing_lines": [], "excluded_lines": []}}, "classes": {"WordPressScanner": {"executed_lines": [], "summary": {"covered_lines": 0, "num_statements": 174, "percent_covered": 0.0, "percent_covered_display": "0", "missing_lines": 174, "excluded_lines": 0, "percent_statements_covered": 0.0, "percent_statements_covered_display": "0"}, "missing_lines": [39, 40, 41, 42, 43, 44, 47, 71, 72, 75, 76, 78, 79, 80, 81, 82, 83, 85, 87, 88, 91, 94, 95, 96, 97, 100, 101, 102, 105, 106, 108, 109, 110, 111, 112, 113, 114, 116, 117, 120, 121, 133, 135, 136, 137, 138, 140, 141, 144, 151, 152, 164, 165, 177, 179, 180, 182, 194, 195, 196, 197, 199, 200, 201, 202, 205, 206, 208, 210, 211, 212, 213, 214, 216, 217, 218, 221, 222, 223, 224, 225, 226, 228, 229, 232, 233, 235, 247, 248, 249, 250, 251, 252, 264, 266, 267, 269, 270, 271, 272, 279, 284, 285, 286, 288, 310, 311, 312, 313, 314, 315, 317, 318, 319, 322, 323, 324, 326, 333, 338, 339, 341, 342, 345, 346, 347, 350, 351, 353, 355, 356, 359, 360, 362, 363, 365, 367, 368, 369, 370, 372, 373, 375, 388, 392, 393, 395, 397, 398, 399, 400, 402, 405, 423, 429, 436, 441, 442, 443, 444, 446, 458, 460, 461, 477, 478, 480, 481, 483, 484, 485, 486, 488, 497], "excluded_lines": []}, "": {"executed_lines": [1, 5, 6, 7, 8, 9, 10, 11, 12, 13, 16, 17, 23, 24, 25, 28, 29, 31, 61, 123, 184, 237, 254, 299, 377, 412, 448, 467, 490], "summary": {"covered_lines": 27, "num_statements": 27, "percent_covered": 100.0, "percent_covered_display": "100", "missing_lines": 0, "excluded_lines": 0, "percent_statements_covered": 100.0, "percent_statements_covered_display": "100"}, "missing_lines": [], "excluded_lines": []}}}, "app/services/wordpress/token_optimizer.py": {"executed_lines": [1, 5, 6, 7, 8, 11, 12, 15, 28, 36, 43, 52, 68, 92, 112, 161, 204, 257, 289, 330], "summary": {"covered_lines": 18, "num_statements": 121, "percent_covered": 14.87603305785124, "percent_covered_display": "15", "missing_lines": 103, "excluded_lines": 0, "percent_statements_covered": 14.87603305785124, "percent_statements_covered_display": "15"}, "missing_lines": [45, 47, 48, 50, 62, 63, 66, 78, 81, 82, 83, 86, 87, 88, 90, 103, 104, 106, 107, 108, 110, 122, 133, 134, 137, 138, 141, 142, 145, 146, 149, 150, 153, 154, 155, 156, 157, 159, 176, 179, 182, 185, 188, 189, 191, 192, 193, 195, 217, 218, 219, 220, 221, 223, 224, 227, 228, 229, 231, 232, 233, 234, 235, 236, 237, 239, 241, 243, 247, 248, 249, 250, 251, 253, 255, 273, 275, 276, 278, 279, 280, 282, 284, 285, 287, 304, 307, 308, 311, 312, 315, 316, 319, 320, 321, 324, 325, 326, 328, 343, 344, 345, 347], "excluded_lines": [], "functions": {"TokenOptimizer.__init__": {"executed_lines": [], "summary": {"covered_lines": 0, "num_statements": 4, "percent_covered": 0.0, "percent_covered_display": "0", "missing_lines": 4, "excluded_lines": 0, "percent_statements_covered": 0.0, "percent_statements_covered_display": "0"}, "missing_lines": [45, 47, 48, 50], "excluded_lines": []}, "TokenOptimizer.count_tokens": {"executed_lines": [], "summary": {"covered_lines": 0, "num_statements": 3, "percent_covered": 0.0, "percent_covered_display": "0", "missing_lines": 3, "excluded_lines": 0, "percent_statements_covered": 0.0, "percent_statements_covered_display": "0"}, "missing_lines": [62, 63, 66], "excluded_lines": []}, "TokenOptimizer.should_skip_file": {"executed_lines": [], "summary": {"covered_lines": 0, "num_statements": 8, "percent_covered": 0.0, "percent_covered_display": "0", "missing_lines": 8, "excluded_lines": 0, "percent_statements_covered": 0.0, "percent_statements_covered_display": "0"}, "missing_lines": [78, 81, 82, 83, 86, 87, 88, 90], "excluded_lines": []}, "TokenOptimizer.is_third_party_code": {"executed_lines": [], "summary": {"covered_lines": 0, "num_statements": 6, "percent_covered": 0.0, "percent_covered_display": "0", "missing_lines": 6, "excluded_lines": 0, "percent_statements_covered": 0.0, "percent_statements_covered_display": "0"}, "missing_lines": [103, 104, 106, 107, 108, 110], "excluded_lines": []}, "TokenOptimizer.extract_file_patterns": {"executed_lines": [], "summary": {"covered_lines": 0, "num_statements": 17, "percent_covered": 0.0, "percent_covered_display": "0", "missing_lines": 17, "excluded_lines": 0, "percent_statements_covered": 0.0, "percent_statements_covered_display": "0"}, "missing_lines": [122, 133, 134, 137, 138, 141, 142, 145, 146, 149, 150, 153, 154, 155, 156, 157, 159], "excluded_lines": []}, "TokenOptimizer.optimize_code": {"executed_lines": [], "summary": {"covered_lines": 0, "num_statements": 10, "percent_covered": 0.0, "percent_covered_display": "0", "missing_lines": 10, "excluded_lines": 0, "percent_statements_covered": 0.0, "percent_statements_covered_display": "0"}, "missing_lines": [176, 179, 182, 185, 188, 189, 191, 192, 193, 195], "excluded_lines": []}, "TokenOptimizer._remove_comments": {"executed_lines": [], "summary": {"covered_lines": 0, "num_statements": 23, "percent_covered": 0.0, "percent_covered_display": "0", "missing_lines": 23, "excluded_lines": 0, "percent_statements_covered": 0.0, "percent_statements_covered_display": "0"}, "missing_lines": [217, 218, 219, 220, 221, 223, 224, 227, 228, 229, 231, 232, 233, 234, 235, 236, 237, 239, 241, 243, 247, 253, 255], "excluded_lines": []}, "TokenOptimizer._remove_comments.replace_comment": {"executed_lines": [], "summary": {"covered_lines": 0, "num_statements": 4, "percent_covered": 0.0, "percent_covered_display": "0", "missing_lines": 4, "excluded_lines": 0, "percent_statements_covered": 0.0, "percent_statements_covered_display": "0"}, "missing_lines": [248, 249, 250, 251], "excluded_lines": []}, "TokenOptimizer._collapse_whitespace": {"executed_lines": [], "summary": {"covered_lines": 0, "num_statements": 10, "percent_covered": 0.0, "percent_covered_display": "0", "missing_lines": 10, "excluded_lines": 0, "percent_statements_covered": 0.0, "percent_statements_covered_display": "0"}, "missing_lines": [273, 275, 276, 278, 279, 280, 282, 284, 285, 287], "excluded_lines": []}, "TokenOptimizer._extract_critical_sections": {"executed_lines": [], "summary": {"covered_lines": 0, "num_statements": 14, "percent_covered": 0.0, "percent_covered_display": "0", "missing_lines": 14, "excluded_lines": 0, "percent_statements_covered": 0.0, "percent_statements_covered_display": "0"}, "missing_lines": [304, 307, 308, 311, 312, 315, 316, 319, 320, 321, 324, 325, 326, 328], "excluded_lines": []}, "TokenOptimizer.get_optimization_stats": {"executed_lines": [], "summary": {"covered_lines": 0, "num_statements": 4, "percent_covered": 0.0, "percent_covered_display": "0", "missing_lines": 4, "excluded_lines": 0, "percent_statements_covered": 0.0, "percent_statements_covered_display": "0"}, "missing_lines": [343, 344, 345, 347], "excluded_lines": []}, "": {"executed_lines": [1, 5, 6, 7, 8, 11, 12, 15, 28, 36, 43, 52, 68, 92, 112, 161, 204, 257, 289, 330], "summary": {"covered_lines": 18, "num_statements": 18, "percent_covered": 100.0, "percent_covered_display": "100", "missing_lines": 0, "excluded_lines": 0, "percent_statements_covered": 100.0, "percent_statements_covered_display": "100"}, "missing_lines": [], "excluded_lines": []}}, "classes": {"TokenOptimizer": {"executed_lines": [], "summary": {"covered_lines": 0, "num_statements": 103, "percent_covered": 0.0, "percent_covered_display": "0", "missing_lines": 103, "excluded_lines": 0, "percent_statements_covered": 0.0, "percent_statements_covered_display": "0"}, "missing_lines": [45, 47, 48, 50, 62, 63, 66, 78, 81, 82, 83, 86, 87, 88, 90, 103, 104, 106, 107, 108, 110, 122, 133, 134, 137, 138, 141, 142, 145, 146, 149, 150, 153, 154, 155, 156, 157, 159, 176, 179, 182, 185, 188, 189, 191, 192, 193, 195, 217, 218, 219, 220, 221, 223, 224, 227, 228, 229, 231, 232, 233, 234, 235, 236, 237, 239, 241, 243, 247, 248, 249, 250, 251, 253, 255, 273, 275, 276, 278, 279, 280, 282, 284, 285, 287, 304, 307, 308, 311, 312, 315, 316, 319, 320, 321, 324, 325, 326, 328, 343, 344, 345, 347], "excluded_lines": []}, "": {"executed_lines": [1, 5, 6, 7, 8, 11, 12, 15, 28, 36, 43, 52, 68, 92, 112, 161, 204, 257, 289, 330], "summary": {"covered_lines": 18, "num_statements": 18, "percent_covered": 100.0, "percent_covered_display": "100", "missing_lines": 0, "excluded_lines": 0, "percent_statements_covered": 100.0, "percent_statements_covered_display": "100"}, "missing_lines": [], "excluded_lines": []}}}}, "totals": {"covered_lines": 768, "num_statements": 1767, "percent_covered": 43.463497453310694, "percent_covered_display": "43", "missing_lines": 999, "excluded_lines": 0, "percent_statements_covered": 43.463497453310694, "percent_statements_covered_display": "43"}}